Copyright 1986-2018 Xilinx, Inc. All Rights Reserved.
------------------------------------------------------------------------------------
| Tool Version : Vivado v.2018.3 (win64) Build 2405991 Thu Dec  6 23:38:27 MST 2018
| Date         : Sun Nov 10 09:08:42 2024
| Host         : xiang running 64-bit major release  (build 9200)
| Command      : report_control_sets -verbose -file top_control_sets_placed.rpt
| Design       : top
| Device       : xcvu9p
------------------------------------------------------------------------------------

Control Set Information

Table of Contents
-----------------
1. Summary
2. Histogram
3. Flip-Flop Distribution
4. Detailed Control Set Information

1. Summary
----------

+----------------------------------------------------------+-------+
|                          Status                          | Count |
+----------------------------------------------------------+-------+
| Number of unique control sets                            |   696 |
| Unused register locations in slices containing registers |  1357 |
+----------------------------------------------------------+-------+


2. Histogram
------------

+--------+--------------+
| Fanout | Control Sets |
+--------+--------------+
|      1 |            1 |
|      4 |            1 |
|      8 |            1 |
|      9 |            1 |
|     10 |            1 |
|     11 |            1 |
|     12 |            1 |
|    16+ |          689 |
+--------+--------------+


3. Flip-Flop Distribution
-------------------------

+--------------+-----------------------+------------------------+-----------------+--------------+
| Clock Enable | Synchronous Set/Reset | Asynchronous Set/Reset | Total Registers | Total Slices |
+--------------+-----------------------+------------------------+-----------------+--------------+
| No           | No                    | No                     |           14104 |         4810 |
| No           | No                    | Yes                    |              41 |           24 |
| No           | Yes                   | No                     |               3 |            2 |
| Yes          | No                    | No                     |            4554 |         1034 |
| Yes          | No                    | Yes                    |           41381 |        14988 |
| Yes          | Yes                   | No                     |              44 |           17 |
+--------------+-----------------------+------------------------+-----------------+--------------+


4. Detailed Control Set Information
-----------------------------------

+----------------+-----------------------------------------------+--------------------------------+------------------+----------------+
|  Clock Signal  |                 Enable Signal                 |        Set/Reset Signal        | Slice Load Count | Bel Load Count |
+----------------+-----------------------------------------------+--------------------------------+------------------+----------------+
|  clk_IBUF_BUFG | u_lenet5/u_compare_10/finish5_out             | rst_n_IBUF_BUFG                |                1 |              1 |
|  clk_IBUF_BUFG | u_uart/rx_cnt0                                | u_uart/rx_cnt[3]_i_1_n_0       |                2 |              4 |
|  clk_IBUF_BUFG | u_uart/d_out[7]_i_1_n_0                       | rst_n_IBUF_BUFG                |                1 |              8 |
|  clk_IBUF_BUFG | u_uart/cnt0                                   | u_uart/cnt[8]_i_1_n_0          |                3 |              9 |
|  clk_IBUF_BUFG | u_lenet5/u_compare_10/out_num[0]_i_1_n_0      | rst_n_IBUF_BUFG                |                4 |             10 |
|  clk_IBUF_BUFG | u_uart/d_out12_out                            | u_uart/cnt2[10]_i_1_n_0        |                3 |             11 |
|  clk_IBUF_BUFG | u_lenet5/cache[100][1]_i_1_n_0                | u_lenet5/cache[100][0]_i_1_n_0 |                8 |             12 |
|  clk_IBUF_BUFG | u_lenet5/conv2_result[124][1]_i_1_n_0         |                                |                6 |             17 |
|  clk_IBUF_BUFG | u_lenet5/conv2_result[74][1]_i_1_n_0          |                                |               11 |             17 |
|  clk_IBUF_BUFG | u_lenet5/conv2_result[99][1]_i_1_n_0          |                                |               10 |             17 |
|  clk_IBUF_BUFG | u_lenet5/conv2_result[149][1]_i_1_n_0         |                                |               10 |             17 |
|  clk_IBUF_BUFG | u_lenet5/conv2_result[24][1]_i_1_n_0          |                                |               14 |             17 |
|  clk_IBUF_BUFG | u_lenet5/conv2_result[49][1]_i_1_n_0          |                                |               11 |             17 |
|  clk_IBUF_BUFG | u_lenet5/u_compare_10/compared[1][17]_i_1_n_0 | rst_n_IBUF_BUFG                |                5 |             18 |
|  clk_IBUF_BUFG | u_lenet5/conv1_result[0][13][12][1]_i_1_n_0   | rst_n_IBUF_BUFG                |               33 |             34 |
|  clk_IBUF_BUFG | u_lenet5/conv2_result[127][1]_i_1_n_0         |                                |               18 |             34 |
|  clk_IBUF_BUFG | u_lenet5/conv1_result[1][9][2][1]_i_1_n_0     | rst_n_IBUF_BUFG                |               33 |             34 |
|  clk_IBUF_BUFG | u_lenet5/conv1_result[2][12][12][1]_i_1_n_0   | rst_n_IBUF_BUFG                |               33 |             34 |
|  clk_IBUF_BUFG | u_lenet5/conv1_result[2][11][0][1]_i_1_n_0    | rst_n_IBUF_BUFG                |               33 |             34 |
|  clk_IBUF_BUFG | u_lenet5/conv1_result[2][11][6][1]_i_1_n_0    | rst_n_IBUF_BUFG                |               33 |             34 |
|  clk_IBUF_BUFG | u_lenet5/conv1_result[2][10][0][1]_i_1_n_0    | rst_n_IBUF_BUFG                |               32 |             34 |
|  clk_IBUF_BUFG | u_lenet5/conv1_result[2][0][0][1]_i_1_n_0     | rst_n_IBUF_BUFG                |               34 |             34 |
|  clk_IBUF_BUFG | u_lenet5/conv1_result[2][0][2][1]_i_1_n_0     | rst_n_IBUF_BUFG                |               31 |             34 |
|  clk_IBUF_BUFG | u_lenet5/conv1_result[2][10][4][1]_i_1_n_0    | rst_n_IBUF_BUFG                |               31 |             34 |
|  clk_IBUF_BUFG | u_lenet5/conv1_result[2][0][8][1]_i_1_n_0     | rst_n_IBUF_BUFG                |               34 |             34 |
|  clk_IBUF_BUFG | u_lenet5/conv1_result[1][9][0][1]_i_1_n_0     | rst_n_IBUF_BUFG                |               34 |             34 |
|  clk_IBUF_BUFG | u_lenet5/conv1_result[2][0][10][1]_i_1_n_0    | rst_n_IBUF_BUFG                |               34 |             34 |
|  clk_IBUF_BUFG | u_lenet5/conv1_result[2][0][12][1]_i_1_n_0    | rst_n_IBUF_BUFG                |               34 |             34 |
|  clk_IBUF_BUFG | u_lenet5/conv1_result[2][10][6][1]_i_1_n_0    | rst_n_IBUF_BUFG                |               34 |             34 |
|  clk_IBUF_BUFG | u_lenet5/conv1_result[2][10][10][1]_i_1_n_0   | rst_n_IBUF_BUFG                |               33 |             34 |
|  clk_IBUF_BUFG | u_lenet5/conv1_result[2][0][4][1]_i_1_n_0     | rst_n_IBUF_BUFG                |               32 |             34 |
|  clk_IBUF_BUFG | u_lenet5/conv1_result[1][9][12][1]_i_1_n_0    | rst_n_IBUF_BUFG                |               34 |             34 |
|  clk_IBUF_BUFG | u_lenet5/conv1_result[1][9][8][1]_i_1_n_0     | rst_n_IBUF_BUFG                |               33 |             34 |
|  clk_IBUF_BUFG | u_lenet5/conv1_result[2][10][12][1]_i_1_n_0   | rst_n_IBUF_BUFG                |               32 |             34 |
|  clk_IBUF_BUFG | u_lenet5/conv1_result[2][11][12][1]_i_1_n_0   | rst_n_IBUF_BUFG                |               33 |             34 |
|  clk_IBUF_BUFG | u_lenet5/conv1_result[1][8][8][1]_i_1_n_0     | rst_n_IBUF_BUFG                |               33 |             34 |
|  clk_IBUF_BUFG | u_lenet5/conv1_result[2][10][2][1]_i_1_n_0    | rst_n_IBUF_BUFG                |               32 |             34 |
|  clk_IBUF_BUFG | u_lenet5/conv1_result[1][9][4][1]_i_1_n_0     | rst_n_IBUF_BUFG                |               31 |             34 |
|  clk_IBUF_BUFG | u_lenet5/conv1_result[2][11][2][1]_i_1_n_0    | rst_n_IBUF_BUFG                |               33 |             34 |
|  clk_IBUF_BUFG | u_lenet5/conv1_result[1][9][10][1]_i_1_n_0    | rst_n_IBUF_BUFG                |               34 |             34 |
|  clk_IBUF_BUFG | u_lenet5/conv1_result[1][9][6][1]_i_1_n_0     | rst_n_IBUF_BUFG                |               33 |             34 |
|  clk_IBUF_BUFG | u_lenet5/conv1_result[2][10][8][1]_i_1_n_0    | rst_n_IBUF_BUFG                |               33 |             34 |
|  clk_IBUF_BUFG | u_lenet5/conv1_result[2][11][10][1]_i_1_n_0   | rst_n_IBUF_BUFG                |               34 |             34 |
|  clk_IBUF_BUFG | u_lenet5/conv1_result[2][11][8][1]_i_1_n_0    | rst_n_IBUF_BUFG                |               34 |             34 |
|  clk_IBUF_BUFG | u_lenet5/conv1_result[2][0][6][1]_i_1_n_0     | rst_n_IBUF_BUFG                |               34 |             34 |
|  clk_IBUF_BUFG | u_lenet5/conv1_result[2][11][4][1]_i_1_n_0    | rst_n_IBUF_BUFG                |               33 |             34 |
|  clk_IBUF_BUFG | u_lenet5/conv1_result[2][12][0][1]_i_1_n_0    | rst_n_IBUF_BUFG                |               34 |             34 |
|  clk_IBUF_BUFG | u_lenet5/conv1_result[2][12][10][1]_i_1_n_0   | rst_n_IBUF_BUFG                |               34 |             34 |
|  clk_IBUF_BUFG | u_lenet5/conv1_result[0][11][4][1]_i_1_n_0    | rst_n_IBUF_BUFG                |               34 |             34 |
|  clk_IBUF_BUFG | u_lenet5/conv1_result[0][11][6][1]_i_1_n_0    | rst_n_IBUF_BUFG                |               31 |             34 |
|  clk_IBUF_BUFG | u_lenet5/conv1_result[0][0][6][1]_i_1_n_0     | rst_n_IBUF_BUFG                |               34 |             34 |
|  clk_IBUF_BUFG | u_lenet5/conv1_result[0][11][12][1]_i_1_n_0   | rst_n_IBUF_BUFG                |               33 |             34 |
|  clk_IBUF_BUFG | u_lenet5/conv1_result[0][10][0][1]_i_1_n_0    | rst_n_IBUF_BUFG                |               34 |             34 |
|  clk_IBUF_BUFG | u_lenet5/conv1_result[0][0][2][1]_i_1_n_0     | rst_n_IBUF_BUFG                |               33 |             34 |
|  clk_IBUF_BUFG | u_lenet5/conv1_result                         | rst_n_IBUF_BUFG                |               34 |             34 |
|  clk_IBUF_BUFG | u_lenet5/conv1_result[0][0][8][1]_i_1_n_0     | rst_n_IBUF_BUFG                |               33 |             34 |
|  clk_IBUF_BUFG | u_lenet5/conv1_result[0][0][10][1]_i_1_n_0    | rst_n_IBUF_BUFG                |               34 |             34 |
|  clk_IBUF_BUFG | u_lenet5/conv1_result[0][10][4][1]_i_1_n_0    | rst_n_IBUF_BUFG                |               31 |             34 |
|  clk_IBUF_BUFG | u_lenet5/conv1_result[0][10][6][1]_i_1_n_0    | rst_n_IBUF_BUFG                |               34 |             34 |
|  clk_IBUF_BUFG | u_lenet5/conv1_result[0][10][10][1]_i_1_n_0   | rst_n_IBUF_BUFG                |               34 |             34 |
|  clk_IBUF_BUFG | u_lenet5/conv1_result[0][0][12][1]_i_1_n_0    | rst_n_IBUF_BUFG                |               33 |             34 |
|  clk_IBUF_BUFG | u_lenet5/conv1_result[0][10][12][1]_i_1_n_0   | rst_n_IBUF_BUFG                |               33 |             34 |
|  clk_IBUF_BUFG | u_lenet5/conv1_result[0][10][2][1]_i_1_n_0    | rst_n_IBUF_BUFG                |               34 |             34 |
|  clk_IBUF_BUFG | u_lenet5/conv1_result[0][0][4][1]_i_1_n_0     | rst_n_IBUF_BUFG                |               33 |             34 |
|  clk_IBUF_BUFG | u_lenet5/conv1_result[0][11][0][1]_i_1_n_0    | rst_n_IBUF_BUFG                |               32 |             34 |
|  clk_IBUF_BUFG | u_lenet5/conv1_result[0][10][8][1]_i_1_n_0    | rst_n_IBUF_BUFG                |               34 |             34 |
|  clk_IBUF_BUFG | u_lenet5/conv1_result[0][11][10][1]_i_1_n_0   | rst_n_IBUF_BUFG                |               34 |             34 |
|  clk_IBUF_BUFG | u_lenet5/conv1_result[0][11][2][1]_i_1_n_0    | rst_n_IBUF_BUFG                |               33 |             34 |
|  clk_IBUF_BUFG | u_lenet5/conv1_result[0][13][6][1]_i_1_n_0    | rst_n_IBUF_BUFG                |               31 |             34 |
|  clk_IBUF_BUFG | u_lenet5/conv1_result[0][12][6][1]_i_1_n_0    | rst_n_IBUF_BUFG                |               33 |             34 |
|  clk_IBUF_BUFG | u_lenet5/conv1_result[0][1][0][1]_i_1_n_0     | rst_n_IBUF_BUFG                |               33 |             34 |
|  clk_IBUF_BUFG | u_lenet5/conv1_result[0][12][10][1]_i_1_n_0   | rst_n_IBUF_BUFG                |               34 |             34 |
|  clk_IBUF_BUFG | u_lenet5/conv1_result[0][3][0][1]_i_1_n_0     | rst_n_IBUF_BUFG                |               34 |             34 |
|  clk_IBUF_BUFG | u_lenet5/conv1_result[0][12][2][1]_i_1_n_0    | rst_n_IBUF_BUFG                |               33 |             34 |
|  clk_IBUF_BUFG | u_lenet5/conv1_result[0][12][4][1]_i_1_n_0    | rst_n_IBUF_BUFG                |               32 |             34 |
|  clk_IBUF_BUFG | u_lenet5/conv1_result[0][13][8][1]_i_1_n_0    | rst_n_IBUF_BUFG                |               34 |             34 |
|  clk_IBUF_BUFG | u_lenet5/conv1_result[0][1][6][1]_i_1_n_0     | rst_n_IBUF_BUFG                |               34 |             34 |
|  clk_IBUF_BUFG | u_lenet5/conv1_result[0][1][2][1]_i_1_n_0     | rst_n_IBUF_BUFG                |               34 |             34 |
|  clk_IBUF_BUFG | u_lenet5/conv1_result[0][2][2][1]_i_1_n_0     | rst_n_IBUF_BUFG                |               34 |             34 |
|  clk_IBUF_BUFG | u_lenet5/conv1_result[0][2][12][1]_i_1_n_0    | rst_n_IBUF_BUFG                |               34 |             34 |
|  clk_IBUF_BUFG | u_lenet5/conv1_result[0][1][12][1]_i_1_n_0    | rst_n_IBUF_BUFG                |               32 |             34 |
|  clk_IBUF_BUFG | u_lenet5/conv1_result[0][1][8][1]_i_1_n_0     | rst_n_IBUF_BUFG                |               34 |             34 |
|  clk_IBUF_BUFG | u_lenet5/conv1_result[0][2][6][1]_i_1_n_0     | rst_n_IBUF_BUFG                |               32 |             34 |
|  clk_IBUF_BUFG | u_lenet5/conv1_result[0][13][2][1]_i_1_n_0    | rst_n_IBUF_BUFG                |               34 |             34 |
|  clk_IBUF_BUFG | u_lenet5/conv1_result[0][1][10][1]_i_1_n_0    | rst_n_IBUF_BUFG                |               34 |             34 |
|  clk_IBUF_BUFG | u_lenet5/conv1_result[0][2][10][1]_i_1_n_0    | rst_n_IBUF_BUFG                |               34 |             34 |
|  clk_IBUF_BUFG | u_lenet5/conv1_result[0][12][0][1]_i_1_n_0    | rst_n_IBUF_BUFG                |               33 |             34 |
|  clk_IBUF_BUFG | u_lenet5/conv1_result[0][12][8][1]_i_1_n_0    | rst_n_IBUF_BUFG                |               34 |             34 |
|  clk_IBUF_BUFG | u_lenet5/conv1_result[1][2][0][1]_i_1_n_0     | rst_n_IBUF_BUFG                |               32 |             34 |
|  clk_IBUF_BUFG | u_lenet5/conv1_result[0][2][0][1]_i_1_n_0     | rst_n_IBUF_BUFG                |               33 |             34 |
|  clk_IBUF_BUFG | u_lenet5/conv1_result[0][2][4][1]_i_1_n_0     | rst_n_IBUF_BUFG                |               32 |             34 |
|  clk_IBUF_BUFG | u_lenet5/conv1_result[0][12][12][1]_i_1_n_0   | rst_n_IBUF_BUFG                |               34 |             34 |
|  clk_IBUF_BUFG | u_lenet5/conv1_result[0][13][10][1]_i_1_n_0   | rst_n_IBUF_BUFG                |               34 |             34 |
|  clk_IBUF_BUFG | u_lenet5/conv1_result[0][13][4][1]_i_1_n_0    | rst_n_IBUF_BUFG                |               33 |             34 |
|  clk_IBUF_BUFG | u_lenet5/conv1_result[0][2][8][1]_i_1_n_0     | rst_n_IBUF_BUFG                |               33 |             34 |
|  clk_IBUF_BUFG | u_lenet5/conv1_result[0][1][4][1]_i_1_n_0     | rst_n_IBUF_BUFG                |               33 |             34 |
|  clk_IBUF_BUFG | u_lenet5/conv1_result[0][13][0][1]_i_1_n_0    | rst_n_IBUF_BUFG                |               33 |             34 |
|  clk_IBUF_BUFG | u_lenet5/conv1_result[0][11][8][1]_i_1_n_0    | rst_n_IBUF_BUFG                |               33 |             34 |
|  clk_IBUF_BUFG | u_lenet5/conv1_result[0][4][6][1]_i_1_n_0     | rst_n_IBUF_BUFG                |               32 |             34 |
|  clk_IBUF_BUFG | u_lenet5/conv1_result[0][6][10][1]_i_1_n_0    | rst_n_IBUF_BUFG                |               34 |             34 |
|  clk_IBUF_BUFG | u_lenet5/conv1_result[0][4][8][1]_i_1_n_0     | rst_n_IBUF_BUFG                |               34 |             34 |
|  clk_IBUF_BUFG | u_lenet5/conv1_result[0][7][0][1]_i_1_n_0     | rst_n_IBUF_BUFG                |               33 |             34 |
|  clk_IBUF_BUFG | u_lenet5/conv1_result[0][7][12][1]_i_1_n_0    | rst_n_IBUF_BUFG                |               34 |             34 |
|  clk_IBUF_BUFG | u_lenet5/conv1_result[0][4][0][1]_i_1_n_0     | rst_n_IBUF_BUFG                |               32 |             34 |
|  clk_IBUF_BUFG | u_lenet5/conv1_result[0][5][0][1]_i_1_n_0     | rst_n_IBUF_BUFG                |               31 |             34 |
|  clk_IBUF_BUFG | u_lenet5/conv1_result[0][3][2][1]_i_1_n_0     | rst_n_IBUF_BUFG                |               33 |             34 |
|  clk_IBUF_BUFG | u_lenet5/conv1_result[0][6][4][1]_i_1_n_0     | rst_n_IBUF_BUFG                |               34 |             34 |
|  clk_IBUF_BUFG | u_lenet5/conv1_result[0][7][2][1]_i_1_n_0     | rst_n_IBUF_BUFG                |               32 |             34 |
|  clk_IBUF_BUFG | u_lenet5/conv1_result[0][7][4][1]_i_1_n_0     | rst_n_IBUF_BUFG                |               34 |             34 |
|  clk_IBUF_BUFG | u_lenet5/conv1_result[0][6][12][1]_i_1_n_0    | rst_n_IBUF_BUFG                |               33 |             34 |
|  clk_IBUF_BUFG | u_lenet5/conv1_result[0][4][2][1]_i_1_n_0     | rst_n_IBUF_BUFG                |               33 |             34 |
|  clk_IBUF_BUFG | u_lenet5/conv1_result[0][4][4][1]_i_1_n_0     | rst_n_IBUF_BUFG                |               33 |             34 |
|  clk_IBUF_BUFG | u_lenet5/conv1_result[0][4][10][1]_i_1_n_0    | rst_n_IBUF_BUFG                |               33 |             34 |
|  clk_IBUF_BUFG | u_lenet5/conv1_result[0][5][2][1]_i_1_n_0     | rst_n_IBUF_BUFG                |               33 |             34 |
|  clk_IBUF_BUFG | u_lenet5/conv1_result[0][5][8][1]_i_1_n_0     | rst_n_IBUF_BUFG                |               34 |             34 |
|  clk_IBUF_BUFG | u_lenet5/conv1_result[0][4][12][1]_i_1_n_0    | rst_n_IBUF_BUFG                |               34 |             34 |
|  clk_IBUF_BUFG | u_lenet5/conv1_result[0][6][6][1]_i_1_n_0     | rst_n_IBUF_BUFG                |               34 |             34 |
|  clk_IBUF_BUFG | u_lenet5/conv1_result[0][6][2][1]_i_1_n_0     | rst_n_IBUF_BUFG                |               34 |             34 |
|  clk_IBUF_BUFG | u_lenet5/conv1_result[0][6][8][1]_i_1_n_0     | rst_n_IBUF_BUFG                |               34 |             34 |
|  clk_IBUF_BUFG | u_lenet5/conv1_result[0][3][4][1]_i_1_n_0     | rst_n_IBUF_BUFG                |               33 |             34 |
|  clk_IBUF_BUFG | u_lenet5/conv1_result[0][7][10][1]_i_1_n_0    | rst_n_IBUF_BUFG                |               34 |             34 |
|  clk_IBUF_BUFG | u_lenet5/conv1_result[0][5][12][1]_i_1_n_0    | rst_n_IBUF_BUFG                |               34 |             34 |
|  clk_IBUF_BUFG | u_lenet5/conv1_result[0][3][8][1]_i_1_n_0     | rst_n_IBUF_BUFG                |               34 |             34 |
|  clk_IBUF_BUFG | u_lenet5/conv1_result[0][5][10][1]_i_1_n_0    | rst_n_IBUF_BUFG                |               34 |             34 |
|  clk_IBUF_BUFG | u_lenet5/conv1_result[0][3][12][1]_i_1_n_0    | rst_n_IBUF_BUFG                |               34 |             34 |
|  clk_IBUF_BUFG | u_lenet5/conv1_result[0][3][6][1]_i_1_n_0     | rst_n_IBUF_BUFG                |               33 |             34 |
|  clk_IBUF_BUFG | u_lenet5/conv1_result[0][5][4][1]_i_1_n_0     | rst_n_IBUF_BUFG                |               33 |             34 |
|  clk_IBUF_BUFG | u_lenet5/conv1_result[0][5][6][1]_i_1_n_0     | rst_n_IBUF_BUFG                |               33 |             34 |
|  clk_IBUF_BUFG | u_lenet5/conv1_result[0][3][10][1]_i_1_n_0    | rst_n_IBUF_BUFG                |               34 |             34 |
|  clk_IBUF_BUFG | u_lenet5/conv1_result[0][6][0][1]_i_1_n_0     | rst_n_IBUF_BUFG                |               31 |             34 |
|  clk_IBUF_BUFG | u_lenet5/conv1_result[1][0][10][1]_i_1_n_0    | rst_n_IBUF_BUFG                |               33 |             34 |
|  clk_IBUF_BUFG | u_lenet5/conv1_result[1][0][4][1]_i_1_n_0     | rst_n_IBUF_BUFG                |               33 |             34 |
|  clk_IBUF_BUFG | u_lenet5/conv1_result[1][10][0][1]_i_1_n_0    | rst_n_IBUF_BUFG                |               33 |             34 |
|  clk_IBUF_BUFG | u_lenet5/conv1_result[1][10][10][1]_i_1_n_0   | rst_n_IBUF_BUFG                |               33 |             34 |
|  clk_IBUF_BUFG | u_lenet5/conv1_result[1][10][12][1]_i_1_n_0   | rst_n_IBUF_BUFG                |               34 |             34 |
|  clk_IBUF_BUFG | u_lenet5/conv1_result[1][10][6][1]_i_1_n_0    | rst_n_IBUF_BUFG                |               34 |             34 |
|  clk_IBUF_BUFG | u_lenet5/conv1_result[1][10][8][1]_i_1_n_0    | rst_n_IBUF_BUFG                |               31 |             34 |
|  clk_IBUF_BUFG | u_lenet5/conv1_result[1][11][0][1]_i_1_n_0    | rst_n_IBUF_BUFG                |               31 |             34 |
|  clk_IBUF_BUFG | u_lenet5/conv1_result[1][10][2][1]_i_1_n_0    | rst_n_IBUF_BUFG                |               33 |             34 |
|  clk_IBUF_BUFG | u_lenet5/conv1_result[0][8][0][1]_i_1_n_0     | rst_n_IBUF_BUFG                |               32 |             34 |
|  clk_IBUF_BUFG | u_lenet5/conv1_result[0][9][12][1]_i_1_n_0    | rst_n_IBUF_BUFG                |               33 |             34 |
|  clk_IBUF_BUFG | u_lenet5/conv1_result[0][8][6][1]_i_1_n_0     | rst_n_IBUF_BUFG                |               33 |             34 |
|  clk_IBUF_BUFG | u_lenet5/conv1_result[0][9][2][1]_i_1_n_0     | rst_n_IBUF_BUFG                |               33 |             34 |
|  clk_IBUF_BUFG | u_lenet5/conv1_result[0][8][2][1]_i_1_n_0     | rst_n_IBUF_BUFG                |               34 |             34 |
|  clk_IBUF_BUFG | u_lenet5/conv1_result[0][8][12][1]_i_1_n_0    | rst_n_IBUF_BUFG                |               31 |             34 |
|  clk_IBUF_BUFG | u_lenet5/conv1_result[1][0][0][1]_i_1_n_0     | rst_n_IBUF_BUFG                |               33 |             34 |
|  clk_IBUF_BUFG | u_lenet5/conv1_result[1][0][2][1]_i_1_n_0     | rst_n_IBUF_BUFG                |               34 |             34 |
|  clk_IBUF_BUFG | u_lenet5/conv1_result[1][0][8][1]_i_1_n_0     | rst_n_IBUF_BUFG                |               34 |             34 |
|  clk_IBUF_BUFG | u_lenet5/conv1_result[0][8][8][1]_i_1_n_0     | rst_n_IBUF_BUFG                |               34 |             34 |
|  clk_IBUF_BUFG | u_lenet5/conv1_result[0][9][4][1]_i_1_n_0     | rst_n_IBUF_BUFG                |               32 |             34 |
|  clk_IBUF_BUFG | u_lenet5/conv1_result[0][9][8][1]_i_1_n_0     | rst_n_IBUF_BUFG                |               34 |             34 |
|  clk_IBUF_BUFG | u_lenet5/conv1_result[1][0][12][1]_i_1_n_0    | rst_n_IBUF_BUFG                |               34 |             34 |
|  clk_IBUF_BUFG | u_lenet5/conv1_result[1][11][10][1]_i_1_n_0   | rst_n_IBUF_BUFG                |               34 |             34 |
|  clk_IBUF_BUFG | u_lenet5/conv1_result[1][10][4][1]_i_1_n_0    | rst_n_IBUF_BUFG                |               33 |             34 |
|  clk_IBUF_BUFG | u_lenet5/conv1_result[0][7][6][1]_i_1_n_0     | rst_n_IBUF_BUFG                |               33 |             34 |
|  clk_IBUF_BUFG | u_lenet5/conv1_result[0][8][4][1]_i_1_n_0     | rst_n_IBUF_BUFG                |               29 |             34 |
|  clk_IBUF_BUFG | u_lenet5/conv1_result[0][7][8][1]_i_1_n_0     | rst_n_IBUF_BUFG                |               34 |             34 |
|  clk_IBUF_BUFG | u_lenet5/conv1_result[1][0][6][1]_i_1_n_0     | rst_n_IBUF_BUFG                |               32 |             34 |
|  clk_IBUF_BUFG | u_lenet5/conv1_result[0][9][0][1]_i_1_n_0     | rst_n_IBUF_BUFG                |               33 |             34 |
|  clk_IBUF_BUFG | u_lenet5/conv1_result[0][9][10][1]_i_1_n_0    | rst_n_IBUF_BUFG                |               34 |             34 |
|  clk_IBUF_BUFG | u_lenet5/conv1_result[0][8][10][1]_i_1_n_0    | rst_n_IBUF_BUFG                |               34 |             34 |
|  clk_IBUF_BUFG | u_lenet5/conv1_result[0][9][6][1]_i_1_n_0     | rst_n_IBUF_BUFG                |               32 |             34 |
|  clk_IBUF_BUFG | u_lenet5/conv1_result[1][13][2][1]_i_1_n_0    | rst_n_IBUF_BUFG                |               34 |             34 |
|  clk_IBUF_BUFG | u_lenet5/conv1_result[1][12][0][1]_i_1_n_0    | rst_n_IBUF_BUFG                |               33 |             34 |
|  clk_IBUF_BUFG | u_lenet5/conv1_result[1][11][2][1]_i_1_n_0    | rst_n_IBUF_BUFG                |               34 |             34 |
|  clk_IBUF_BUFG | u_lenet5/conv1_result[1][13][8][1]_i_1_n_0    | rst_n_IBUF_BUFG                |               31 |             34 |
|  clk_IBUF_BUFG | u_lenet5/conv1_result[1][1][0][1]_i_1_n_0     | rst_n_IBUF_BUFG                |               31 |             34 |
|  clk_IBUF_BUFG | u_lenet5/conv1_result[1][1][10][1]_i_1_n_0    | rst_n_IBUF_BUFG                |               34 |             34 |
|  clk_IBUF_BUFG | u_lenet5/conv1_result[1][1][12][1]_i_1_n_0    | rst_n_IBUF_BUFG                |               34 |             34 |
|  clk_IBUF_BUFG | u_lenet5/conv1_result[1][11][4][1]_i_1_n_0    | rst_n_IBUF_BUFG                |               32 |             34 |
|  clk_IBUF_BUFG | u_lenet5/conv1_result[1][12][10][1]_i_1_n_0   | rst_n_IBUF_BUFG                |               32 |             34 |
|  clk_IBUF_BUFG | u_lenet5/conv1_result[1][12][8][1]_i_1_n_0    | rst_n_IBUF_BUFG                |               31 |             34 |
|  clk_IBUF_BUFG | u_lenet5/conv1_result[1][1][6][1]_i_1_n_0     | rst_n_IBUF_BUFG                |               34 |             34 |
|  clk_IBUF_BUFG | u_lenet5/conv1_result[1][1][8][1]_i_1_n_0     | rst_n_IBUF_BUFG                |               33 |             34 |
|  clk_IBUF_BUFG | u_lenet5/conv1_result[1][11][6][1]_i_1_n_0    | rst_n_IBUF_BUFG                |               33 |             34 |
|  clk_IBUF_BUFG | u_lenet5/conv1_result[1][2][12][1]_i_1_n_0    | rst_n_IBUF_BUFG                |               33 |             34 |
|  clk_IBUF_BUFG | u_lenet5/conv1_result[1][12][6][1]_i_1_n_0    | rst_n_IBUF_BUFG                |               33 |             34 |
|  clk_IBUF_BUFG | u_lenet5/conv1_result[1][2][2][1]_i_1_n_0     | rst_n_IBUF_BUFG                |               33 |             34 |
|  clk_IBUF_BUFG | u_lenet5/conv1_result[1][12][2][1]_i_1_n_0    | rst_n_IBUF_BUFG                |               34 |             34 |
|  clk_IBUF_BUFG | u_lenet5/conv1_result[1][1][4][1]_i_1_n_0     | rst_n_IBUF_BUFG                |               34 |             34 |
|  clk_IBUF_BUFG | u_lenet5/conv1_result[1][2][4][1]_i_1_n_0     | rst_n_IBUF_BUFG                |               32 |             34 |
|  clk_IBUF_BUFG | u_lenet5/conv1_result[1][1][2][1]_i_1_n_0     | rst_n_IBUF_BUFG                |               32 |             34 |
|  clk_IBUF_BUFG | u_lenet5/conv1_result[1][13][10][1]_i_1_n_0   | rst_n_IBUF_BUFG                |               34 |             34 |
|  clk_IBUF_BUFG | u_lenet5/conv1_result[1][13][4][1]_i_1_n_0    | rst_n_IBUF_BUFG                |               33 |             34 |
|  clk_IBUF_BUFG | u_lenet5/conv1_result[1][2][6][1]_i_1_n_0     | rst_n_IBUF_BUFG                |               33 |             34 |
|  clk_IBUF_BUFG | u_lenet5/conv1_result[1][13][12][1]_i_1_n_0   | rst_n_IBUF_BUFG                |               33 |             34 |
|  clk_IBUF_BUFG | u_lenet5/conv1_result[1][11][8][1]_i_1_n_0    | rst_n_IBUF_BUFG                |               31 |             34 |
|  clk_IBUF_BUFG | u_lenet5/conv1_result[1][11][12][1]_i_1_n_0   | rst_n_IBUF_BUFG                |               34 |             34 |
|  clk_IBUF_BUFG | u_lenet5/conv1_result[1][13][6][1]_i_1_n_0    | rst_n_IBUF_BUFG                |               33 |             34 |
|  clk_IBUF_BUFG | u_lenet5/conv1_result[1][2][10][1]_i_1_n_0    | rst_n_IBUF_BUFG                |               33 |             34 |
|  clk_IBUF_BUFG | u_lenet5/conv1_result[1][12][12][1]_i_1_n_0   | rst_n_IBUF_BUFG                |               34 |             34 |
|  clk_IBUF_BUFG | u_lenet5/conv1_result[1][12][4][1]_i_1_n_0    | rst_n_IBUF_BUFG                |               31 |             34 |
|  clk_IBUF_BUFG | u_lenet5/conv1_result[1][13][0][1]_i_1_n_0    | rst_n_IBUF_BUFG                |               33 |             34 |
|  clk_IBUF_BUFG | u_lenet5/conv1_result[1][4][0][1]_i_1_n_0     | rst_n_IBUF_BUFG                |               33 |             34 |
|  clk_IBUF_BUFG | u_lenet5/conv1_result[1][3][6][1]_i_1_n_0     | rst_n_IBUF_BUFG                |               34 |             34 |
|  clk_IBUF_BUFG | u_lenet5/conv1_result[1][4][12][1]_i_1_n_0    | rst_n_IBUF_BUFG                |               33 |             34 |
|  clk_IBUF_BUFG | u_lenet5/conv1_result[1][3][8][1]_i_1_n_0     | rst_n_IBUF_BUFG                |               33 |             34 |
|  clk_IBUF_BUFG | u_lenet5/conv1_result[1][5][0][1]_i_1_n_0     | rst_n_IBUF_BUFG                |               32 |             34 |
|  clk_IBUF_BUFG | u_lenet5/conv1_result[1][5][12][1]_i_1_n_0    | rst_n_IBUF_BUFG                |               34 |             34 |
|  clk_IBUF_BUFG | u_lenet5/conv1_result[1][2][8][1]_i_1_n_0     | rst_n_IBUF_BUFG                |               34 |             34 |
|  clk_IBUF_BUFG | u_lenet5/conv1_result[1][5][4][1]_i_1_n_0     | rst_n_IBUF_BUFG                |               34 |             34 |
|  clk_IBUF_BUFG | u_lenet5/conv1_result[1][4][4][1]_i_1_n_0     | rst_n_IBUF_BUFG                |               33 |             34 |
|  clk_IBUF_BUFG | u_lenet5/conv1_result[1][3][0][1]_i_1_n_0     | rst_n_IBUF_BUFG                |               33 |             34 |
|  clk_IBUF_BUFG | u_lenet5/conv1_result[1][3][10][1]_i_1_n_0    | rst_n_IBUF_BUFG                |               34 |             34 |
|  clk_IBUF_BUFG | u_lenet5/conv1_result[1][3][2][1]_i_1_n_0     | rst_n_IBUF_BUFG                |               34 |             34 |
|  clk_IBUF_BUFG | u_lenet5/conv1_result[1][4][2][1]_i_1_n_0     | rst_n_IBUF_BUFG                |               34 |             34 |
|  clk_IBUF_BUFG | u_lenet5/conv1_result[1][4][8][1]_i_1_n_0     | rst_n_IBUF_BUFG                |               34 |             34 |
|  clk_IBUF_BUFG | u_lenet5/conv1_result[1][5][2][1]_i_1_n_0     | rst_n_IBUF_BUFG                |               34 |             34 |
|  clk_IBUF_BUFG | u_lenet5/conv1_result[1][5][6][1]_i_1_n_0     | rst_n_IBUF_BUFG                |               32 |             34 |
|  clk_IBUF_BUFG | u_lenet5/conv1_result[1][6][0][1]_i_1_n_0     | rst_n_IBUF_BUFG                |               34 |             34 |
|  clk_IBUF_BUFG | u_lenet5/conv1_result[1][6][10][1]_i_1_n_0    | rst_n_IBUF_BUFG                |               34 |             34 |
|  clk_IBUF_BUFG | u_lenet5/conv1_result[1][6][2][1]_i_1_n_0     | rst_n_IBUF_BUFG                |               34 |             34 |
|  clk_IBUF_BUFG | u_lenet5/conv1_result[1][6][4][1]_i_1_n_0     | rst_n_IBUF_BUFG                |               31 |             34 |
|  clk_IBUF_BUFG | u_lenet5/conv1_result[1][6][6][1]_i_1_n_0     | rst_n_IBUF_BUFG                |               34 |             34 |
|  clk_IBUF_BUFG | u_lenet5/conv1_result[1][6][8][1]_i_1_n_0     | rst_n_IBUF_BUFG                |               33 |             34 |
|  clk_IBUF_BUFG | u_lenet5/conv1_result[1][7][0][1]_i_1_n_0     | rst_n_IBUF_BUFG                |               33 |             34 |
|  clk_IBUF_BUFG | u_lenet5/conv1_result[1][4][10][1]_i_1_n_0    | rst_n_IBUF_BUFG                |               34 |             34 |
|  clk_IBUF_BUFG | u_lenet5/conv1_result[1][5][10][1]_i_1_n_0    | rst_n_IBUF_BUFG                |               34 |             34 |
|  clk_IBUF_BUFG | u_lenet5/conv1_result[1][5][8][1]_i_1_n_0     | rst_n_IBUF_BUFG                |               33 |             34 |
|  clk_IBUF_BUFG | u_lenet5/conv1_result[1][7][10][1]_i_1_n_0    | rst_n_IBUF_BUFG                |               34 |             34 |
|  clk_IBUF_BUFG | u_lenet5/conv1_result[1][7][12][1]_i_1_n_0    | rst_n_IBUF_BUFG                |               33 |             34 |
|  clk_IBUF_BUFG | u_lenet5/conv1_result[1][3][12][1]_i_1_n_0    | rst_n_IBUF_BUFG                |               34 |             34 |
|  clk_IBUF_BUFG | u_lenet5/conv1_result[1][3][4][1]_i_1_n_0     | rst_n_IBUF_BUFG                |               32 |             34 |
|  clk_IBUF_BUFG | u_lenet5/conv1_result[1][6][12][1]_i_1_n_0    | rst_n_IBUF_BUFG                |               34 |             34 |
|  clk_IBUF_BUFG | u_lenet5/conv1_result[1][4][6][1]_i_1_n_0     | rst_n_IBUF_BUFG                |               33 |             34 |
|  clk_IBUF_BUFG | u_lenet5/conv1_result[1][8][12][1]_i_1_n_0    | rst_n_IBUF_BUFG                |               34 |             34 |
|  clk_IBUF_BUFG | u_lenet5/conv1_result[1][8][4][1]_i_1_n_0     | rst_n_IBUF_BUFG                |               34 |             34 |
|  clk_IBUF_BUFG | u_lenet5/conv1_result[1][8][6][1]_i_1_n_0     | rst_n_IBUF_BUFG                |               33 |             34 |
|  clk_IBUF_BUFG | u_lenet5/conv1_result[1][7][8][1]_i_1_n_0     | rst_n_IBUF_BUFG                |               31 |             34 |
|  clk_IBUF_BUFG | u_lenet5/conv1_result[1][7][6][1]_i_1_n_0     | rst_n_IBUF_BUFG                |               34 |             34 |
|  clk_IBUF_BUFG | u_lenet5/conv1_result[1][7][4][1]_i_1_n_0     | rst_n_IBUF_BUFG                |               33 |             34 |
|  clk_IBUF_BUFG | u_lenet5/conv1_result[1][7][2][1]_i_1_n_0     | rst_n_IBUF_BUFG                |               34 |             34 |
|  clk_IBUF_BUFG | u_lenet5/conv1_result[1][8][2][1]_i_1_n_0     | rst_n_IBUF_BUFG                |               34 |             34 |
|  clk_IBUF_BUFG | u_lenet5/conv1_result[1][8][0][1]_i_1_n_0     | rst_n_IBUF_BUFG                |               33 |             34 |
|  clk_IBUF_BUFG | u_lenet5/conv1_result[1][8][10][1]_i_1_n_0    | rst_n_IBUF_BUFG                |               33 |             34 |
|  clk_IBUF_BUFG | u_lenet5/conv1_result[2][12][4][1]_i_1_n_0    | rst_n_IBUF_BUFG                |               32 |             34 |
|  clk_IBUF_BUFG | u_lenet5/conv1_result[2][1][0][1]_i_1_n_0     | rst_n_IBUF_BUFG                |               33 |             34 |
|  clk_IBUF_BUFG | u_lenet5/conv1_result[2][13][6][1]_i_1_n_0    | rst_n_IBUF_BUFG                |               33 |             34 |
|  clk_IBUF_BUFG | u_lenet5/conv1_result[2][3][10][1]_i_1_n_0    | rst_n_IBUF_BUFG                |               32 |             34 |
|  clk_IBUF_BUFG | u_lenet5/conv1_result[2][3][6][1]_i_1_n_0     | rst_n_IBUF_BUFG                |               34 |             34 |
|  clk_IBUF_BUFG | u_lenet5/conv1_result[2][12][6][1]_i_1_n_0    | rst_n_IBUF_BUFG                |               33 |             34 |
|  clk_IBUF_BUFG | u_lenet5/conv1_result[2][3][8][1]_i_1_n_0     | rst_n_IBUF_BUFG                |               34 |             34 |
|  clk_IBUF_BUFG | u_lenet5/conv1_result[2][1][8][1]_i_1_n_0     | rst_n_IBUF_BUFG                |               34 |             34 |
|  clk_IBUF_BUFG | u_lenet5/conv1_result[2][2][10][1]_i_1_n_0    | rst_n_IBUF_BUFG                |               34 |             34 |
|  clk_IBUF_BUFG | u_lenet5/conv1_result[2][12][2][1]_i_1_n_0    | rst_n_IBUF_BUFG                |               33 |             34 |
|  clk_IBUF_BUFG | u_lenet5/conv1_result[2][13][12][1]_i_1_n_0   | rst_n_IBUF_BUFG                |               34 |             34 |
|  clk_IBUF_BUFG | u_lenet5/conv1_result[2][2][8][1]_i_1_n_0     | rst_n_IBUF_BUFG                |               32 |             34 |
|  clk_IBUF_BUFG | u_lenet5/conv1_result[2][13][0][1]_i_1_n_0    | rst_n_IBUF_BUFG                |               34 |             34 |
|  clk_IBUF_BUFG | u_lenet5/conv1_result[2][3][0][1]_i_1_n_0     | rst_n_IBUF_BUFG                |               34 |             34 |
|  clk_IBUF_BUFG | u_lenet5/conv1_result[2][12][8][1]_i_1_n_0    | rst_n_IBUF_BUFG                |               34 |             34 |
|  clk_IBUF_BUFG | u_lenet5/conv1_result[2][1][10][1]_i_1_n_0    | rst_n_IBUF_BUFG                |               34 |             34 |
|  clk_IBUF_BUFG | u_lenet5/conv1_result[2][1][2][1]_i_1_n_0     | rst_n_IBUF_BUFG                |               33 |             34 |
|  clk_IBUF_BUFG | u_lenet5/conv1_result[2][1][4][1]_i_1_n_0     | rst_n_IBUF_BUFG                |               33 |             34 |
|  clk_IBUF_BUFG | u_lenet5/conv1_result[2][2][4][1]_i_1_n_0     | rst_n_IBUF_BUFG                |               33 |             34 |
|  clk_IBUF_BUFG | u_lenet5/conv1_result[2][13][4][1]_i_1_n_0    | rst_n_IBUF_BUFG                |               34 |             34 |
|  clk_IBUF_BUFG | u_lenet5/conv1_result[2][13][8][1]_i_1_n_0    | rst_n_IBUF_BUFG                |               34 |             34 |
|  clk_IBUF_BUFG | u_lenet5/conv1_result[2][2][0][1]_i_1_n_0     | rst_n_IBUF_BUFG                |               33 |             34 |
|  clk_IBUF_BUFG | u_lenet5/conv1_result[2][1][12][1]_i_1_n_0    | rst_n_IBUF_BUFG                |               32 |             34 |
|  clk_IBUF_BUFG | u_lenet5/conv1_result[2][2][12][1]_i_1_n_0    | rst_n_IBUF_BUFG                |               32 |             34 |
|  clk_IBUF_BUFG | u_lenet5/conv1_result[2][2][2][1]_i_1_n_0     | rst_n_IBUF_BUFG                |               33 |             34 |
|  clk_IBUF_BUFG | u_lenet5/conv1_result[2][13][2][1]_i_1_n_0    | rst_n_IBUF_BUFG                |               32 |             34 |
|  clk_IBUF_BUFG | u_lenet5/conv1_result[2][1][6][1]_i_1_n_0     | rst_n_IBUF_BUFG                |               33 |             34 |
|  clk_IBUF_BUFG | u_lenet5/conv1_result[2][2][6][1]_i_1_n_0     | rst_n_IBUF_BUFG                |               34 |             34 |
|  clk_IBUF_BUFG | u_lenet5/conv1_result[2][3][12][1]_i_1_n_0    | rst_n_IBUF_BUFG                |               34 |             34 |
|  clk_IBUF_BUFG | u_lenet5/conv1_result[2][3][2][1]_i_1_n_0     | rst_n_IBUF_BUFG                |               34 |             34 |
|  clk_IBUF_BUFG | u_lenet5/conv1_result[2][3][4][1]_i_1_n_0     | rst_n_IBUF_BUFG                |               34 |             34 |
|  clk_IBUF_BUFG | u_lenet5/conv1_result[2][13][10][1]_i_1_n_0   | rst_n_IBUF_BUFG                |               34 |             34 |
|  clk_IBUF_BUFG | u_lenet5/conv1_result[2][5][0][1]_i_1_n_0     | rst_n_IBUF_BUFG                |               33 |             34 |
|  clk_IBUF_BUFG | u_lenet5/conv1_result[2][6][12][1]_i_1_n_0    | rst_n_IBUF_BUFG                |               33 |             34 |
|  clk_IBUF_BUFG | u_lenet5/conv1_result[2][7][6][1]_i_1_n_0     | rst_n_IBUF_BUFG                |               32 |             34 |
|  clk_IBUF_BUFG | u_lenet5/conv1_result[2][8][0][1]_i_1_n_0     | rst_n_IBUF_BUFG                |               32 |             34 |
|  clk_IBUF_BUFG | u_lenet5/conv1_result[2][8][10][1]_i_1_n_0    | rst_n_IBUF_BUFG                |               33 |             34 |
|  clk_IBUF_BUFG | u_lenet5/conv1_result[2][7][0][1]_i_1_n_0     | rst_n_IBUF_BUFG                |               34 |             34 |
|  clk_IBUF_BUFG | u_lenet5/conv1_result[2][7][8][1]_i_1_n_0     | rst_n_IBUF_BUFG                |               34 |             34 |
|  clk_IBUF_BUFG | u_lenet5/conv1_result[2][8][12][1]_i_1_n_0    | rst_n_IBUF_BUFG                |               33 |             34 |
|  clk_IBUF_BUFG | u_lenet5/conv1_result[2][6][6][1]_i_1_n_0     | rst_n_IBUF_BUFG                |               32 |             34 |
|  clk_IBUF_BUFG | u_lenet5/conv1_result[2][6][0][1]_i_1_n_0     | rst_n_IBUF_BUFG                |               33 |             34 |
|  clk_IBUF_BUFG | u_lenet5/conv1_result[2][5][8][1]_i_1_n_0     | rst_n_IBUF_BUFG                |               33 |             34 |
|  clk_IBUF_BUFG | u_lenet5/conv1_result[2][8][2][1]_i_1_n_0     | rst_n_IBUF_BUFG                |               32 |             34 |
|  clk_IBUF_BUFG | u_lenet5/conv1_result[2][4][10][1]_i_1_n_0    | rst_n_IBUF_BUFG                |               33 |             34 |
|  clk_IBUF_BUFG | u_lenet5/conv1_result[2][5][12][1]_i_1_n_0    | rst_n_IBUF_BUFG                |               32 |             34 |
|  clk_IBUF_BUFG | u_lenet5/conv1_result[2][4][6][1]_i_1_n_0     | rst_n_IBUF_BUFG                |               34 |             34 |
|  clk_IBUF_BUFG | u_lenet5/conv1_result[2][5][10][1]_i_1_n_0    | rst_n_IBUF_BUFG                |               34 |             34 |
|  clk_IBUF_BUFG | u_lenet5/conv1_result[2][4][12][1]_i_1_n_0    | rst_n_IBUF_BUFG                |               34 |             34 |
|  clk_IBUF_BUFG | u_lenet5/conv1_result[2][6][10][1]_i_1_n_0    | rst_n_IBUF_BUFG                |               34 |             34 |
|  clk_IBUF_BUFG | u_lenet5/conv1_result[2][5][2][1]_i_1_n_0     | rst_n_IBUF_BUFG                |               32 |             34 |
|  clk_IBUF_BUFG | u_lenet5/conv1_result[2][7][10][1]_i_1_n_0    | rst_n_IBUF_BUFG                |               33 |             34 |
|  clk_IBUF_BUFG | u_lenet5/conv1_result[2][4][2][1]_i_1_n_0     | rst_n_IBUF_BUFG                |               32 |             34 |
|  clk_IBUF_BUFG | u_lenet5/conv1_result[2][6][2][1]_i_1_n_0     | rst_n_IBUF_BUFG                |               33 |             34 |
|  clk_IBUF_BUFG | u_lenet5/conv1_result[2][4][4][1]_i_1_n_0     | rst_n_IBUF_BUFG                |               34 |             34 |
|  clk_IBUF_BUFG | u_lenet5/conv1_result[2][5][4][1]_i_1_n_0     | rst_n_IBUF_BUFG                |               33 |             34 |
|  clk_IBUF_BUFG | u_lenet5/conv1_result[2][4][0][1]_i_1_n_0     | rst_n_IBUF_BUFG                |               31 |             34 |
|  clk_IBUF_BUFG | u_lenet5/conv1_result[2][6][8][1]_i_1_n_0     | rst_n_IBUF_BUFG                |               33 |             34 |
|  clk_IBUF_BUFG | u_lenet5/conv1_result[2][6][4][1]_i_1_n_0     | rst_n_IBUF_BUFG                |               33 |             34 |
|  clk_IBUF_BUFG | u_lenet5/conv1_result[2][5][6][1]_i_1_n_0     | rst_n_IBUF_BUFG                |               32 |             34 |
|  clk_IBUF_BUFG | u_lenet5/conv1_result[2][7][12][1]_i_1_n_0    | rst_n_IBUF_BUFG                |               33 |             34 |
|  clk_IBUF_BUFG | u_lenet5/conv1_result[2][4][8][1]_i_1_n_0     | rst_n_IBUF_BUFG                |               34 |             34 |
|  clk_IBUF_BUFG | u_lenet5/conv1_result[2][7][4][1]_i_1_n_0     | rst_n_IBUF_BUFG                |               34 |             34 |
|  clk_IBUF_BUFG | u_lenet5/conv1_result[2][7][2][1]_i_1_n_0     | rst_n_IBUF_BUFG                |               32 |             34 |
|  clk_IBUF_BUFG | u_lenet5/conv1_result[3][0][2][1]_i_1_n_0     | rst_n_IBUF_BUFG                |               34 |             34 |
|  clk_IBUF_BUFG | u_lenet5/conv1_result[3][10][6][1]_i_1_n_0    | rst_n_IBUF_BUFG                |               33 |             34 |
|  clk_IBUF_BUFG | u_lenet5/conv1_result[3][10][8][1]_i_1_n_0    | rst_n_IBUF_BUFG                |               33 |             34 |
|  clk_IBUF_BUFG | u_lenet5/conv1_result[3][11][0][1]_i_1_n_0    | rst_n_IBUF_BUFG                |               33 |             34 |
|  clk_IBUF_BUFG | u_lenet5/conv1_result[3][11][6][1]_i_1_n_0    | rst_n_IBUF_BUFG                |               32 |             34 |
|  clk_IBUF_BUFG | u_lenet5/conv1_result[3][10][12][1]_i_1_n_0   | rst_n_IBUF_BUFG                |               32 |             34 |
|  clk_IBUF_BUFG | u_lenet5/conv1_result[3][11][8][1]_i_1_n_0    | rst_n_IBUF_BUFG                |               31 |             34 |
|  clk_IBUF_BUFG | u_lenet5/conv1_result[3][12][0][1]_i_1_n_0    | rst_n_IBUF_BUFG                |               33 |             34 |
|  clk_IBUF_BUFG | u_lenet5/conv1_result[2][9][2][1]_i_1_n_0     | rst_n_IBUF_BUFG                |               34 |             34 |
|  clk_IBUF_BUFG | u_lenet5/conv1_result[2][8][6][1]_i_1_n_0     | rst_n_IBUF_BUFG                |               32 |             34 |
|  clk_IBUF_BUFG | u_lenet5/conv1_result[2][9][8][1]_i_1_n_0     | rst_n_IBUF_BUFG                |               33 |             34 |
|  clk_IBUF_BUFG | u_lenet5/conv1_result[3][0][12][1]_i_1_n_0    | rst_n_IBUF_BUFG                |               34 |             34 |
|  clk_IBUF_BUFG | u_lenet5/conv1_result[2][8][8][1]_i_1_n_0     | rst_n_IBUF_BUFG                |               33 |             34 |
|  clk_IBUF_BUFG | u_lenet5/conv1_result[3][0][6][1]_i_1_n_0     | rst_n_IBUF_BUFG                |               33 |             34 |
|  clk_IBUF_BUFG | u_lenet5/conv1_result[2][8][4][1]_i_1_n_0     | rst_n_IBUF_BUFG                |               33 |             34 |
|  clk_IBUF_BUFG | u_lenet5/conv1_result[3][10][10][1]_i_1_n_0   | rst_n_IBUF_BUFG                |               34 |             34 |
|  clk_IBUF_BUFG | u_lenet5/conv1_result[2][9][10][1]_i_1_n_0    | rst_n_IBUF_BUFG                |               31 |             34 |
|  clk_IBUF_BUFG | u_lenet5/conv1_result[2][9][6][1]_i_1_n_0     | rst_n_IBUF_BUFG                |               34 |             34 |
|  clk_IBUF_BUFG | u_lenet5/conv1_result[3][0][4][1]_i_1_n_0     | rst_n_IBUF_BUFG                |               33 |             34 |
|  clk_IBUF_BUFG | u_lenet5/conv1_result[3][10][2][1]_i_1_n_0    | rst_n_IBUF_BUFG                |               33 |             34 |
|  clk_IBUF_BUFG | u_lenet5/conv1_result[2][9][12][1]_i_1_n_0    | rst_n_IBUF_BUFG                |               33 |             34 |
|  clk_IBUF_BUFG | u_lenet5/conv1_result[3][0][10][1]_i_1_n_0    | rst_n_IBUF_BUFG                |               34 |             34 |
|  clk_IBUF_BUFG | u_lenet5/conv1_result[2][9][4][1]_i_1_n_0     | rst_n_IBUF_BUFG                |               34 |             34 |
|  clk_IBUF_BUFG | u_lenet5/conv1_result[3][11][12][1]_i_1_n_0   | rst_n_IBUF_BUFG                |               33 |             34 |
|  clk_IBUF_BUFG | u_lenet5/conv1_result[2][9][0][1]_i_1_n_0     | rst_n_IBUF_BUFG                |               32 |             34 |
|  clk_IBUF_BUFG | u_lenet5/conv1_result[3][0][0][1]_i_1_n_0     | rst_n_IBUF_BUFG                |               32 |             34 |
|  clk_IBUF_BUFG | u_lenet5/conv1_result[3][10][0][1]_i_1_n_0    | rst_n_IBUF_BUFG                |               33 |             34 |
|  clk_IBUF_BUFG | u_lenet5/conv1_result[3][11][10][1]_i_1_n_0   | rst_n_IBUF_BUFG                |               34 |             34 |
|  clk_IBUF_BUFG | u_lenet5/conv1_result[3][11][2][1]_i_1_n_0    | rst_n_IBUF_BUFG                |               34 |             34 |
|  clk_IBUF_BUFG | u_lenet5/conv1_result[3][0][8][1]_i_1_n_0     | rst_n_IBUF_BUFG                |               33 |             34 |
|  clk_IBUF_BUFG | u_lenet5/conv1_result[3][11][4][1]_i_1_n_0    | rst_n_IBUF_BUFG                |               32 |             34 |
|  clk_IBUF_BUFG | u_lenet5/conv1_result[3][10][4][1]_i_1_n_0    | rst_n_IBUF_BUFG                |               33 |             34 |
|  clk_IBUF_BUFG | u_lenet5/conv1_result[3][13][2][1]_i_1_n_0    | rst_n_IBUF_BUFG                |               32 |             34 |
|  clk_IBUF_BUFG | u_lenet5/conv1_result[3][13][4][1]_i_1_n_0    | rst_n_IBUF_BUFG                |               33 |             34 |
|  clk_IBUF_BUFG | u_lenet5/conv1_result[3][1][4][1]_i_1_n_0     | rst_n_IBUF_BUFG                |               32 |             34 |
|  clk_IBUF_BUFG | u_lenet5/conv1_result[3][13][10][1]_i_1_n_0   | rst_n_IBUF_BUFG                |               33 |             34 |
|  clk_IBUF_BUFG | u_lenet5/conv1_result[3][1][6][1]_i_1_n_0     | rst_n_IBUF_BUFG                |               34 |             34 |
|  clk_IBUF_BUFG | u_lenet5/conv1_result[3][12][8][1]_i_1_n_0    | rst_n_IBUF_BUFG                |               34 |             34 |
|  clk_IBUF_BUFG | u_lenet5/conv1_result[3][1][8][1]_i_1_n_0     | rst_n_IBUF_BUFG                |               34 |             34 |
|  clk_IBUF_BUFG | u_lenet5/conv1_result[3][2][0][1]_i_1_n_0     | rst_n_IBUF_BUFG                |               32 |             34 |
|  clk_IBUF_BUFG | u_lenet5/conv1_result[3][13][12][1]_i_1_n_0   | rst_n_IBUF_BUFG                |               31 |             34 |
|  clk_IBUF_BUFG | u_lenet5/conv1_result[3][2][10][1]_i_1_n_0    | rst_n_IBUF_BUFG                |               34 |             34 |
|  clk_IBUF_BUFG | u_lenet5/conv1_result[3][13][8][1]_i_1_n_0    | rst_n_IBUF_BUFG                |               33 |             34 |
|  clk_IBUF_BUFG | u_lenet5/conv1_result[3][2][6][1]_i_1_n_0     | rst_n_IBUF_BUFG                |               34 |             34 |
|  clk_IBUF_BUFG | u_lenet5/conv1_result[3][2][8][1]_i_1_n_0     | rst_n_IBUF_BUFG                |               32 |             34 |
|  clk_IBUF_BUFG | u_lenet5/conv1_result[3][1][12][1]_i_1_n_0    | rst_n_IBUF_BUFG                |               33 |             34 |
|  clk_IBUF_BUFG | u_lenet5/conv1_result[3][12][6][1]_i_1_n_0    | rst_n_IBUF_BUFG                |               33 |             34 |
|  clk_IBUF_BUFG | u_lenet5/conv1_result[3][2][2][1]_i_1_n_0     | rst_n_IBUF_BUFG                |               34 |             34 |
|  clk_IBUF_BUFG | u_lenet5/conv1_result[3][1][10][1]_i_1_n_0    | rst_n_IBUF_BUFG                |               33 |             34 |
|  clk_IBUF_BUFG | u_lenet5/conv1_result[3][3][0][1]_i_1_n_0     | rst_n_IBUF_BUFG                |               31 |             34 |
|  clk_IBUF_BUFG | u_lenet5/conv1_result[3][12][4][1]_i_1_n_0    | rst_n_IBUF_BUFG                |               34 |             34 |
|  clk_IBUF_BUFG | u_lenet5/conv1_result[3][1][0][1]_i_1_n_0     | rst_n_IBUF_BUFG                |               33 |             34 |
|  clk_IBUF_BUFG | u_lenet5/conv1_result[3][1][2][1]_i_1_n_0     | rst_n_IBUF_BUFG                |               34 |             34 |
|  clk_IBUF_BUFG | u_lenet5/conv1_result[3][13][6][1]_i_1_n_0    | rst_n_IBUF_BUFG                |               33 |             34 |
|  clk_IBUF_BUFG | u_lenet5/conv1_result[3][2][4][1]_i_1_n_0     | rst_n_IBUF_BUFG                |               32 |             34 |
|  clk_IBUF_BUFG | u_lenet5/conv1_result[3][3][10][1]_i_1_n_0    | rst_n_IBUF_BUFG                |               34 |             34 |
|  clk_IBUF_BUFG | u_lenet5/conv1_result[3][12][12][1]_i_1_n_0   | rst_n_IBUF_BUFG                |               33 |             34 |
|  clk_IBUF_BUFG | u_lenet5/conv1_result[3][12][2][1]_i_1_n_0    | rst_n_IBUF_BUFG                |               34 |             34 |
|  clk_IBUF_BUFG | u_lenet5/conv1_result[3][3][12][1]_i_1_n_0    | rst_n_IBUF_BUFG                |               32 |             34 |
|  clk_IBUF_BUFG | u_lenet5/conv1_result[3][13][0][1]_i_1_n_0    | rst_n_IBUF_BUFG                |               32 |             34 |
|  clk_IBUF_BUFG | u_lenet5/conv1_result[3][3][2][1]_i_1_n_0     | rst_n_IBUF_BUFG                |               34 |             34 |
|  clk_IBUF_BUFG | u_lenet5/conv1_result[3][2][12][1]_i_1_n_0    | rst_n_IBUF_BUFG                |               34 |             34 |
|  clk_IBUF_BUFG | u_lenet5/conv1_result[3][3][4][1]_i_1_n_0     | rst_n_IBUF_BUFG                |               33 |             34 |
|  clk_IBUF_BUFG | u_lenet5/conv1_result[3][12][10][1]_i_1_n_0   | rst_n_IBUF_BUFG                |               28 |             34 |
|  clk_IBUF_BUFG | u_lenet5/conv1_result[3][3][6][1]_i_1_n_0     | rst_n_IBUF_BUFG                |               33 |             34 |
|  clk_IBUF_BUFG | u_lenet5/conv1_result[3][4][2][1]_i_1_n_0     | rst_n_IBUF_BUFG                |               32 |             34 |
|  clk_IBUF_BUFG | u_lenet5/conv1_result[3][5][6][1]_i_1_n_0     | rst_n_IBUF_BUFG                |               34 |             34 |
|  clk_IBUF_BUFG | u_lenet5/conv1_result[3][4][12][1]_i_1_n_0    | rst_n_IBUF_BUFG                |               32 |             34 |
|  clk_IBUF_BUFG | u_lenet5/conv1_result[3][5][4][1]_i_1_n_0     | rst_n_IBUF_BUFG                |               30 |             34 |
|  clk_IBUF_BUFG | u_lenet5/conv1_result[3][7][0][1]_i_1_n_0     | rst_n_IBUF_BUFG                |               34 |             34 |
|  clk_IBUF_BUFG | u_lenet5/conv1_result[3][6][2][1]_i_1_n_0     | rst_n_IBUF_BUFG                |               33 |             34 |
|  clk_IBUF_BUFG | u_lenet5/conv1_result[3][6][4][1]_i_1_n_0     | rst_n_IBUF_BUFG                |               34 |             34 |
|  clk_IBUF_BUFG | u_lenet5/conv1_result[3][7][4][1]_i_1_n_0     | rst_n_IBUF_BUFG                |               32 |             34 |
|  clk_IBUF_BUFG | u_lenet5/conv1_result[3][3][8][1]_i_1_n_0     | rst_n_IBUF_BUFG                |               33 |             34 |
|  clk_IBUF_BUFG | u_lenet5/conv1_result[3][4][10][1]_i_1_n_0    | rst_n_IBUF_BUFG                |               34 |             34 |
|  clk_IBUF_BUFG | u_lenet5/conv1_result[3][5][12][1]_i_1_n_0    | rst_n_IBUF_BUFG                |               32 |             34 |
|  clk_IBUF_BUFG | u_lenet5/conv1_result[3][4][4][1]_i_1_n_0     | rst_n_IBUF_BUFG                |               34 |             34 |
|  clk_IBUF_BUFG | u_lenet5/conv1_result[3][5][2][1]_i_1_n_0     | rst_n_IBUF_BUFG                |               34 |             34 |
|  clk_IBUF_BUFG | u_lenet5/conv1_result[3][5][0][1]_i_1_n_0     | rst_n_IBUF_BUFG                |               33 |             34 |
|  clk_IBUF_BUFG | u_lenet5/conv1_result[3][6][8][1]_i_1_n_0     | rst_n_IBUF_BUFG                |               33 |             34 |
|  clk_IBUF_BUFG | u_lenet5/conv1_result[3][4][8][1]_i_1_n_0     | rst_n_IBUF_BUFG                |               33 |             34 |
|  clk_IBUF_BUFG | u_lenet5/conv1_result[3][5][10][1]_i_1_n_0    | rst_n_IBUF_BUFG                |               33 |             34 |
|  clk_IBUF_BUFG | u_lenet5/conv1_result[3][7][10][1]_i_1_n_0    | rst_n_IBUF_BUFG                |               34 |             34 |
|  clk_IBUF_BUFG | u_lenet5/conv1_result[3][7][2][1]_i_1_n_0     | rst_n_IBUF_BUFG                |               34 |             34 |
|  clk_IBUF_BUFG | u_lenet5/conv1_result[3][4][6][1]_i_1_n_0     | rst_n_IBUF_BUFG                |               31 |             34 |
|  clk_IBUF_BUFG | u_lenet5/conv1_result[3][6][0][1]_i_1_n_0     | rst_n_IBUF_BUFG                |               34 |             34 |
|  clk_IBUF_BUFG | u_lenet5/conv1_result[3][7][8][1]_i_1_n_0     | rst_n_IBUF_BUFG                |               32 |             34 |
|  clk_IBUF_BUFG | u_lenet5/conv1_result[3][4][0][1]_i_1_n_0     | rst_n_IBUF_BUFG                |               34 |             34 |
|  clk_IBUF_BUFG | u_lenet5/conv1_result[3][6][10][1]_i_1_n_0    | rst_n_IBUF_BUFG                |               33 |             34 |
|  clk_IBUF_BUFG | u_lenet5/conv1_result[3][5][8][1]_i_1_n_0     | rst_n_IBUF_BUFG                |               33 |             34 |
|  clk_IBUF_BUFG | u_lenet5/conv1_result[3][7][12][1]_i_1_n_0    | rst_n_IBUF_BUFG                |               34 |             34 |
|  clk_IBUF_BUFG | u_lenet5/conv1_result[3][8][0][1]_i_1_n_0     | rst_n_IBUF_BUFG                |               33 |             34 |
|  clk_IBUF_BUFG | u_lenet5/conv1_result[3][8][10][1]_i_1_n_0    | rst_n_IBUF_BUFG                |               31 |             34 |
|  clk_IBUF_BUFG | u_lenet5/conv1_result[3][6][12][1]_i_1_n_0    | rst_n_IBUF_BUFG                |               34 |             34 |
|  clk_IBUF_BUFG | u_lenet5/conv1_result[3][6][6][1]_i_1_n_0     | rst_n_IBUF_BUFG                |               33 |             34 |
|  clk_IBUF_BUFG | u_lenet5/conv1_result[3][7][6][1]_i_1_n_0     | rst_n_IBUF_BUFG                |               32 |             34 |
|  clk_IBUF_BUFG | u_lenet5/conv1_result[4][10][8][1]_i_1_n_0    | rst_n_IBUF_BUFG                |               32 |             34 |
|  clk_IBUF_BUFG | u_lenet5/conv1_result[4][11][4][1]_i_1_n_0    | rst_n_IBUF_BUFG                |               32 |             34 |
|  clk_IBUF_BUFG | u_lenet5/conv1_result[4][11][6][1]_i_1_n_0    | rst_n_IBUF_BUFG                |               32 |             34 |
|  clk_IBUF_BUFG | u_lenet5/conv1_result[3][9][2][1]_i_1_n_0     | rst_n_IBUF_BUFG                |               34 |             34 |
|  clk_IBUF_BUFG | u_lenet5/conv1_result[3][9][6][1]_i_1_n_0     | rst_n_IBUF_BUFG                |               34 |             34 |
|  clk_IBUF_BUFG | u_lenet5/conv1_result[3][8][2][1]_i_1_n_0     | rst_n_IBUF_BUFG                |               29 |             34 |
|  clk_IBUF_BUFG | u_lenet5/conv1_result[3][9][0][1]_i_1_n_0     | rst_n_IBUF_BUFG                |               33 |             34 |
|  clk_IBUF_BUFG | u_lenet5/conv1_result[3][9][10][1]_i_1_n_0    | rst_n_IBUF_BUFG                |               34 |             34 |
|  clk_IBUF_BUFG | u_lenet5/conv1_result[3][9][8][1]_i_1_n_0     | rst_n_IBUF_BUFG                |               34 |             34 |
|  clk_IBUF_BUFG | u_lenet5/conv1_result[3][8][4][1]_i_1_n_0     | rst_n_IBUF_BUFG                |               34 |             34 |
|  clk_IBUF_BUFG | u_lenet5/conv1_result[4][0][2][1]_i_1_n_0     | rst_n_IBUF_BUFG                |               34 |             34 |
|  clk_IBUF_BUFG | u_lenet5/conv1_result[3][9][12][1]_i_1_n_0    | rst_n_IBUF_BUFG                |               34 |             34 |
|  clk_IBUF_BUFG | u_lenet5/conv1_result[3][9][4][1]_i_1_n_0     | rst_n_IBUF_BUFG                |               34 |             34 |
|  clk_IBUF_BUFG | u_lenet5/conv1_result[4][0][10][1]_i_1_n_0    | rst_n_IBUF_BUFG                |               33 |             34 |
|  clk_IBUF_BUFG | u_lenet5/conv1_result[4][0][4][1]_i_1_n_0     | rst_n_IBUF_BUFG                |               33 |             34 |
|  clk_IBUF_BUFG | u_lenet5/conv1_result[3][8][8][1]_i_1_n_0     | rst_n_IBUF_BUFG                |               33 |             34 |
|  clk_IBUF_BUFG | u_lenet5/conv1_result[4][0][6][1]_i_1_n_0     | rst_n_IBUF_BUFG                |               32 |             34 |
|  clk_IBUF_BUFG | u_lenet5/conv1_result[4][0][8][1]_i_1_n_0     | rst_n_IBUF_BUFG                |               34 |             34 |
|  clk_IBUF_BUFG | u_lenet5/conv1_result[4][10][10][1]_i_1_n_0   | rst_n_IBUF_BUFG                |               34 |             34 |
|  clk_IBUF_BUFG | u_lenet5/conv1_result[4][10][12][1]_i_1_n_0   | rst_n_IBUF_BUFG                |               32 |             34 |
|  clk_IBUF_BUFG | u_lenet5/conv1_result[4][10][2][1]_i_1_n_0    | rst_n_IBUF_BUFG                |               34 |             34 |
|  clk_IBUF_BUFG | u_lenet5/conv1_result[3][8][12][1]_i_1_n_0    | rst_n_IBUF_BUFG                |               34 |             34 |
|  clk_IBUF_BUFG | u_lenet5/conv1_result[4][10][4][1]_i_1_n_0    | rst_n_IBUF_BUFG                |               34 |             34 |
|  clk_IBUF_BUFG | u_lenet5/conv1_result[4][10][6][1]_i_1_n_0    | rst_n_IBUF_BUFG                |               34 |             34 |
|  clk_IBUF_BUFG | u_lenet5/conv1_result[4][0][12][1]_i_1_n_0    | rst_n_IBUF_BUFG                |               33 |             34 |
|  clk_IBUF_BUFG | u_lenet5/conv1_result[4][11][0][1]_i_1_n_0    | rst_n_IBUF_BUFG                |               33 |             34 |
|  clk_IBUF_BUFG | u_lenet5/conv1_result[4][11][10][1]_i_1_n_0   | rst_n_IBUF_BUFG                |               34 |             34 |
|  clk_IBUF_BUFG | u_lenet5/conv1_result[4][11][12][1]_i_1_n_0   | rst_n_IBUF_BUFG                |               33 |             34 |
|  clk_IBUF_BUFG | u_lenet5/conv1_result[4][0][0][1]_i_1_n_0     | rst_n_IBUF_BUFG                |               33 |             34 |
|  clk_IBUF_BUFG | u_lenet5/conv1_result[3][8][6][1]_i_1_n_0     | rst_n_IBUF_BUFG                |               33 |             34 |
|  clk_IBUF_BUFG | u_lenet5/conv1_result[4][10][0][1]_i_1_n_0    | rst_n_IBUF_BUFG                |               34 |             34 |
|  clk_IBUF_BUFG | u_lenet5/conv1_result[4][11][2][1]_i_1_n_0    | rst_n_IBUF_BUFG                |               33 |             34 |
|  clk_IBUF_BUFG | u_lenet5/conv1_result[4][12][0][1]_i_1_n_0    | rst_n_IBUF_BUFG                |               34 |             34 |
|  clk_IBUF_BUFG | u_lenet5/conv1_result[4][12][6][1]_i_1_n_0    | rst_n_IBUF_BUFG                |               34 |             34 |
|  clk_IBUF_BUFG | u_lenet5/conv1_result[4][12][10][1]_i_1_n_0   | rst_n_IBUF_BUFG                |               33 |             34 |
|  clk_IBUF_BUFG | u_lenet5/conv1_result[4][13][4][1]_i_1_n_0    | rst_n_IBUF_BUFG                |               30 |             34 |
|  clk_IBUF_BUFG | u_lenet5/conv1_result[4][1][12][1]_i_1_n_0    | rst_n_IBUF_BUFG                |               33 |             34 |
|  clk_IBUF_BUFG | u_lenet5/conv1_result[4][1][6][1]_i_1_n_0     | rst_n_IBUF_BUFG                |               34 |             34 |
|  clk_IBUF_BUFG | u_lenet5/conv1_result[4][1][8][1]_i_1_n_0     | rst_n_IBUF_BUFG                |               31 |             34 |
|  clk_IBUF_BUFG | u_lenet5/conv1_result[4][2][4][1]_i_1_n_0     | rst_n_IBUF_BUFG                |               31 |             34 |
|  clk_IBUF_BUFG | u_lenet5/conv1_result[4][12][4][1]_i_1_n_0    | rst_n_IBUF_BUFG                |               33 |             34 |
|  clk_IBUF_BUFG | u_lenet5/conv1_result[4][13][10][1]_i_1_n_0   | rst_n_IBUF_BUFG                |               34 |             34 |
|  clk_IBUF_BUFG | u_lenet5/conv1_result[4][1][4][1]_i_1_n_0     | rst_n_IBUF_BUFG                |               31 |             34 |
|  clk_IBUF_BUFG | u_lenet5/conv1_result[4][13][6][1]_i_1_n_0    | rst_n_IBUF_BUFG                |               34 |             34 |
|  clk_IBUF_BUFG | u_lenet5/conv1_result[4][11][8][1]_i_1_n_0    | rst_n_IBUF_BUFG                |               31 |             34 |
|  clk_IBUF_BUFG | u_lenet5/conv1_result[4][2][0][1]_i_1_n_0     | rst_n_IBUF_BUFG                |               34 |             34 |
|  clk_IBUF_BUFG | u_lenet5/conv1_result[4][13][12][1]_i_1_n_0   | rst_n_IBUF_BUFG                |               33 |             34 |
|  clk_IBUF_BUFG | u_lenet5/conv1_result[4][2][10][1]_i_1_n_0    | rst_n_IBUF_BUFG                |               33 |             34 |
|  clk_IBUF_BUFG | u_lenet5/conv1_result[4][12][2][1]_i_1_n_0    | rst_n_IBUF_BUFG                |               34 |             34 |
|  clk_IBUF_BUFG | u_lenet5/conv1_result[4][13][2][1]_i_1_n_0    | rst_n_IBUF_BUFG                |               34 |             34 |
|  clk_IBUF_BUFG | u_lenet5/conv1_result[4][13][8][1]_i_1_n_0    | rst_n_IBUF_BUFG                |               33 |             34 |
|  clk_IBUF_BUFG | u_lenet5/conv1_result[4][1][0][1]_i_1_n_0     | rst_n_IBUF_BUFG                |               34 |             34 |
|  clk_IBUF_BUFG | u_lenet5/conv1_result[4][2][2][1]_i_1_n_0     | rst_n_IBUF_BUFG                |               33 |             34 |
|  clk_IBUF_BUFG | u_lenet5/conv1_result[4][2][6][1]_i_1_n_0     | rst_n_IBUF_BUFG                |               34 |             34 |
|  clk_IBUF_BUFG | u_lenet5/conv1_result[4][1][2][1]_i_1_n_0     | rst_n_IBUF_BUFG                |               34 |             34 |
|  clk_IBUF_BUFG | u_lenet5/conv1_result[4][2][12][1]_i_1_n_0    | rst_n_IBUF_BUFG                |               33 |             34 |
|  clk_IBUF_BUFG | u_lenet5/conv1_result[4][12][8][1]_i_1_n_0    | rst_n_IBUF_BUFG                |               31 |             34 |
|  clk_IBUF_BUFG | u_lenet5/conv1_result[4][13][0][1]_i_1_n_0    | rst_n_IBUF_BUFG                |               33 |             34 |
|  clk_IBUF_BUFG | u_lenet5/conv1_result[4][3][10][1]_i_1_n_0    | rst_n_IBUF_BUFG                |               34 |             34 |
|  clk_IBUF_BUFG | u_lenet5/conv1_result[4][3][12][1]_i_1_n_0    | rst_n_IBUF_BUFG                |               33 |             34 |
|  clk_IBUF_BUFG | u_lenet5/conv1_result[4][1][10][1]_i_1_n_0    | rst_n_IBUF_BUFG                |               34 |             34 |
|  clk_IBUF_BUFG | u_lenet5/conv1_result[4][3][0][1]_i_1_n_0     | rst_n_IBUF_BUFG                |               33 |             34 |
|  clk_IBUF_BUFG | u_lenet5/conv1_result[4][12][12][1]_i_1_n_0   | rst_n_IBUF_BUFG                |               34 |             34 |
|  clk_IBUF_BUFG | u_lenet5/conv1_result[4][2][8][1]_i_1_n_0     | rst_n_IBUF_BUFG                |               33 |             34 |
|  clk_IBUF_BUFG | u_lenet5/conv1_result[4][7][2][1]_i_1_n_0     | rst_n_IBUF_BUFG                |               34 |             34 |
|  clk_IBUF_BUFG | u_lenet5/conv1_result[4][7][0][1]_i_1_n_0     | rst_n_IBUF_BUFG                |               34 |             34 |
|  clk_IBUF_BUFG | u_lenet5/conv1_result[4][6][0][1]_i_1_n_0     | rst_n_IBUF_BUFG                |               33 |             34 |
|  clk_IBUF_BUFG | u_lenet5/conv1_result[4][4][6][1]_i_1_n_0     | rst_n_IBUF_BUFG                |               32 |             34 |
|  clk_IBUF_BUFG | u_lenet5/conv1_result[4][7][4][1]_i_1_n_0     | rst_n_IBUF_BUFG                |               31 |             34 |
|  clk_IBUF_BUFG | u_lenet5/conv1_result[4][4][0][1]_i_1_n_0     | rst_n_IBUF_BUFG                |               32 |             34 |
|  clk_IBUF_BUFG | u_lenet5/conv1_result[4][6][12][1]_i_1_n_0    | rst_n_IBUF_BUFG                |               34 |             34 |
|  clk_IBUF_BUFG | u_lenet5/conv1_result[4][5][2][1]_i_1_n_0     | rst_n_IBUF_BUFG                |               33 |             34 |
|  clk_IBUF_BUFG | u_lenet5/conv1_result[4][5][4][1]_i_1_n_0     | rst_n_IBUF_BUFG                |               33 |             34 |
|  clk_IBUF_BUFG | u_lenet5/conv1_result[4][4][12][1]_i_1_n_0    | rst_n_IBUF_BUFG                |               34 |             34 |
|  clk_IBUF_BUFG | u_lenet5/conv1_result[4][4][8][1]_i_1_n_0     | rst_n_IBUF_BUFG                |               32 |             34 |
|  clk_IBUF_BUFG | u_lenet5/conv1_result[4][4][4][1]_i_1_n_0     | rst_n_IBUF_BUFG                |               31 |             34 |
|  clk_IBUF_BUFG | u_lenet5/conv1_result[4][6][2][1]_i_1_n_0     | rst_n_IBUF_BUFG                |               33 |             34 |
|  clk_IBUF_BUFG | u_lenet5/conv1_result[4][3][6][1]_i_1_n_0     | rst_n_IBUF_BUFG                |               33 |             34 |
|  clk_IBUF_BUFG | u_lenet5/conv1_result[4][4][2][1]_i_1_n_0     | rst_n_IBUF_BUFG                |               34 |             34 |
|  clk_IBUF_BUFG | u_lenet5/conv1_result[4][6][6][1]_i_1_n_0     | rst_n_IBUF_BUFG                |               34 |             34 |
|  clk_IBUF_BUFG | u_lenet5/conv1_result[4][6][8][1]_i_1_n_0     | rst_n_IBUF_BUFG                |               30 |             34 |
|  clk_IBUF_BUFG | u_lenet5/conv1_result[4][7][8][1]_i_1_n_0     | rst_n_IBUF_BUFG                |               32 |             34 |
|  clk_IBUF_BUFG | u_lenet5/conv1_result[4][7][6][1]_i_1_n_0     | rst_n_IBUF_BUFG                |               33 |             34 |
|  clk_IBUF_BUFG | u_lenet5/conv1_result[4][3][4][1]_i_1_n_0     | rst_n_IBUF_BUFG                |               32 |             34 |
|  clk_IBUF_BUFG | u_lenet5/conv1_result[4][5][10][1]_i_1_n_0    | rst_n_IBUF_BUFG                |               34 |             34 |
|  clk_IBUF_BUFG | u_lenet5/conv1_result[4][5][12][1]_i_1_n_0    | rst_n_IBUF_BUFG                |               33 |             34 |
|  clk_IBUF_BUFG | u_lenet5/conv1_result[4][5][6][1]_i_1_n_0     | rst_n_IBUF_BUFG                |               31 |             34 |
|  clk_IBUF_BUFG | u_lenet5/conv1_result[4][7][10][1]_i_1_n_0    | rst_n_IBUF_BUFG                |               32 |             34 |
|  clk_IBUF_BUFG | u_lenet5/conv1_result[4][3][8][1]_i_1_n_0     | rst_n_IBUF_BUFG                |               34 |             34 |
|  clk_IBUF_BUFG | u_lenet5/conv1_result[4][6][10][1]_i_1_n_0    | rst_n_IBUF_BUFG                |               34 |             34 |
|  clk_IBUF_BUFG | u_lenet5/conv1_result[4][3][2][1]_i_1_n_0     | rst_n_IBUF_BUFG                |               34 |             34 |
|  clk_IBUF_BUFG | u_lenet5/conv1_result[4][4][10][1]_i_1_n_0    | rst_n_IBUF_BUFG                |               34 |             34 |
|  clk_IBUF_BUFG | u_lenet5/conv1_result[4][5][0][1]_i_1_n_0     | rst_n_IBUF_BUFG                |               33 |             34 |
|  clk_IBUF_BUFG | u_lenet5/conv1_result[4][6][4][1]_i_1_n_0     | rst_n_IBUF_BUFG                |               33 |             34 |
|  clk_IBUF_BUFG | u_lenet5/conv1_result[4][7][12][1]_i_1_n_0    | rst_n_IBUF_BUFG                |               32 |             34 |
|  clk_IBUF_BUFG | u_lenet5/conv1_result[4][5][8][1]_i_1_n_0     | rst_n_IBUF_BUFG                |               31 |             34 |
|  clk_IBUF_BUFG | u_lenet5/conv1_result[5][10][12][1]_i_1_n_0   | rst_n_IBUF_BUFG                |               34 |             34 |
|  clk_IBUF_BUFG | u_lenet5/conv1_result[4][8][0][1]_i_1_n_0     | rst_n_IBUF_BUFG                |               32 |             34 |
|  clk_IBUF_BUFG | u_lenet5/conv1_result[4][9][2][1]_i_1_n_0     | rst_n_IBUF_BUFG                |               34 |             34 |
|  clk_IBUF_BUFG | u_lenet5/conv1_result[5][11][10][1]_i_1_n_0   | rst_n_IBUF_BUFG                |               29 |             34 |
|  clk_IBUF_BUFG | u_lenet5/conv1_result[5][11][12][1]_i_1_n_0   | rst_n_IBUF_BUFG                |               32 |             34 |
|  clk_IBUF_BUFG | u_lenet5/conv1_result[4][9][10][1]_i_1_n_0    | rst_n_IBUF_BUFG                |               34 |             34 |
|  clk_IBUF_BUFG | u_lenet5/conv1_result[4][8][6][1]_i_1_n_0     | rst_n_IBUF_BUFG                |               32 |             34 |
|  clk_IBUF_BUFG | u_lenet5/conv1_result[5][0][0][1]_i_1_n_0     | rst_n_IBUF_BUFG                |               33 |             34 |
|  clk_IBUF_BUFG | u_lenet5/conv1_result[5][0][10][1]_i_1_n_0    | rst_n_IBUF_BUFG                |               32 |             34 |
|  clk_IBUF_BUFG | u_lenet5/conv1_result[5][10][0][1]_i_1_n_0    | rst_n_IBUF_BUFG                |               31 |             34 |
|  clk_IBUF_BUFG | u_lenet5/conv1_result[4][9][4][1]_i_1_n_0     | rst_n_IBUF_BUFG                |               34 |             34 |
|  clk_IBUF_BUFG | u_lenet5/conv1_result[5][10][10][1]_i_1_n_0   | rst_n_IBUF_BUFG                |               34 |             34 |
|  clk_IBUF_BUFG | u_lenet5/conv1_result[5][10][2][1]_i_1_n_0    | rst_n_IBUF_BUFG                |               33 |             34 |
|  clk_IBUF_BUFG | u_lenet5/conv1_result[5][10][4][1]_i_1_n_0    | rst_n_IBUF_BUFG                |               33 |             34 |
|  clk_IBUF_BUFG | u_lenet5/conv1_result[4][8][8][1]_i_1_n_0     | rst_n_IBUF_BUFG                |               34 |             34 |
|  clk_IBUF_BUFG | u_lenet5/conv1_result[4][9][8][1]_i_1_n_0     | rst_n_IBUF_BUFG                |               32 |             34 |
|  clk_IBUF_BUFG | u_lenet5/conv1_result[5][10][8][1]_i_1_n_0    | rst_n_IBUF_BUFG                |               33 |             34 |
|  clk_IBUF_BUFG | u_lenet5/conv1_result[4][8][2][1]_i_1_n_0     | rst_n_IBUF_BUFG                |               34 |             34 |
|  clk_IBUF_BUFG | u_lenet5/conv1_result[4][8][4][1]_i_1_n_0     | rst_n_IBUF_BUFG                |               33 |             34 |
|  clk_IBUF_BUFG | u_lenet5/conv1_result[4][9][0][1]_i_1_n_0     | rst_n_IBUF_BUFG                |               33 |             34 |
|  clk_IBUF_BUFG | u_lenet5/conv1_result[5][0][12][1]_i_1_n_0    | rst_n_IBUF_BUFG                |               34 |             34 |
|  clk_IBUF_BUFG | u_lenet5/conv1_result[4][9][12][1]_i_1_n_0    | rst_n_IBUF_BUFG                |               33 |             34 |
|  clk_IBUF_BUFG | u_lenet5/conv1_result[5][0][2][1]_i_1_n_0     | rst_n_IBUF_BUFG                |               34 |             34 |
|  clk_IBUF_BUFG | u_lenet5/conv1_result[4][8][12][1]_i_1_n_0    | rst_n_IBUF_BUFG                |               33 |             34 |
|  clk_IBUF_BUFG | u_lenet5/conv1_result[4][9][6][1]_i_1_n_0     | rst_n_IBUF_BUFG                |               34 |             34 |
|  clk_IBUF_BUFG | u_lenet5/conv1_result[4][8][10][1]_i_1_n_0    | rst_n_IBUF_BUFG                |               33 |             34 |
|  clk_IBUF_BUFG | u_lenet5/conv1_result[5][10][6][1]_i_1_n_0    | rst_n_IBUF_BUFG                |               31 |             34 |
|  clk_IBUF_BUFG | u_lenet5/conv1_result[5][0][4][1]_i_1_n_0     | rst_n_IBUF_BUFG                |               32 |             34 |
|  clk_IBUF_BUFG | u_lenet5/conv1_result[5][0][6][1]_i_1_n_0     | rst_n_IBUF_BUFG                |               32 |             34 |
|  clk_IBUF_BUFG | u_lenet5/conv1_result[5][11][0][1]_i_1_n_0    | rst_n_IBUF_BUFG                |               33 |             34 |
|  clk_IBUF_BUFG | u_lenet5/conv1_result[5][0][8][1]_i_1_n_0     | rst_n_IBUF_BUFG                |               32 |             34 |
|  clk_IBUF_BUFG | u_lenet5/conv1_result[5][13][8][1]_i_1_n_0    | rst_n_IBUF_BUFG                |               34 |             34 |
|  clk_IBUF_BUFG | u_lenet5/conv1_result[5][1][10][1]_i_1_n_0    | rst_n_IBUF_BUFG                |               34 |             34 |
|  clk_IBUF_BUFG | u_lenet5/conv1_result[5][1][0][1]_i_1_n_0     | rst_n_IBUF_BUFG                |               34 |             34 |
|  clk_IBUF_BUFG | u_lenet5/conv1_result[5][13][0][1]_i_1_n_0    | rst_n_IBUF_BUFG                |               34 |             34 |
|  clk_IBUF_BUFG | u_lenet5/conv1_result[5][1][12][1]_i_1_n_0    | rst_n_IBUF_BUFG                |               33 |             34 |
|  clk_IBUF_BUFG | u_lenet5/conv1_result[5][2][2][1]_i_1_n_0     | rst_n_IBUF_BUFG                |               34 |             34 |
|  clk_IBUF_BUFG | u_lenet5/conv1_result[5][2][8][1]_i_1_n_0     | rst_n_IBUF_BUFG                |               32 |             34 |
|  clk_IBUF_BUFG | u_lenet5/conv1_result[5][11][6][1]_i_1_n_0    | rst_n_IBUF_BUFG                |               31 |             34 |
|  clk_IBUF_BUFG | u_lenet5/conv1_result[5][12][0][1]_i_1_n_0    | rst_n_IBUF_BUFG                |               34 |             34 |
|  clk_IBUF_BUFG | u_lenet5/conv1_result[5][12][10][1]_i_1_n_0   | rst_n_IBUF_BUFG                |               34 |             34 |
|  clk_IBUF_BUFG | u_lenet5/conv1_result[5][12][2][1]_i_1_n_0    | rst_n_IBUF_BUFG                |               34 |             34 |
|  clk_IBUF_BUFG | u_lenet5/conv1_result[5][13][2][1]_i_1_n_0    | rst_n_IBUF_BUFG                |               32 |             34 |
|  clk_IBUF_BUFG | u_lenet5/conv1_result[5][1][8][1]_i_1_n_0     | rst_n_IBUF_BUFG                |               32 |             34 |
|  clk_IBUF_BUFG | u_lenet5/conv1_result[5][13][10][1]_i_1_n_0   | rst_n_IBUF_BUFG                |               32 |             34 |
|  clk_IBUF_BUFG | u_lenet5/conv1_result[5][12][6][1]_i_1_n_0    | rst_n_IBUF_BUFG                |               34 |             34 |
|  clk_IBUF_BUFG | u_lenet5/conv1_result[5][1][2][1]_i_1_n_0     | rst_n_IBUF_BUFG                |               34 |             34 |
|  clk_IBUF_BUFG | u_lenet5/conv1_result[5][1][6][1]_i_1_n_0     | rst_n_IBUF_BUFG                |               33 |             34 |
|  clk_IBUF_BUFG | u_lenet5/conv1_result[5][11][4][1]_i_1_n_0    | rst_n_IBUF_BUFG                |               33 |             34 |
|  clk_IBUF_BUFG | u_lenet5/conv1_result[5][12][12][1]_i_1_n_0   | rst_n_IBUF_BUFG                |               33 |             34 |
|  clk_IBUF_BUFG | u_lenet5/conv1_result[5][1][4][1]_i_1_n_0     | rst_n_IBUF_BUFG                |               31 |             34 |
|  clk_IBUF_BUFG | u_lenet5/conv1_result[5][13][6][1]_i_1_n_0    | rst_n_IBUF_BUFG                |               34 |             34 |
|  clk_IBUF_BUFG | u_lenet5/conv1_result[5][2][12][1]_i_1_n_0    | rst_n_IBUF_BUFG                |               34 |             34 |
|  clk_IBUF_BUFG | u_lenet5/conv1_result[5][13][4][1]_i_1_n_0    | rst_n_IBUF_BUFG                |               31 |             34 |
|  clk_IBUF_BUFG | u_lenet5/conv1_result[5][2][4][1]_i_1_n_0     | rst_n_IBUF_BUFG                |               34 |             34 |
|  clk_IBUF_BUFG | u_lenet5/conv1_result[5][12][4][1]_i_1_n_0    | rst_n_IBUF_BUFG                |               33 |             34 |
|  clk_IBUF_BUFG | u_lenet5/conv1_result[5][11][8][1]_i_1_n_0    | rst_n_IBUF_BUFG                |               32 |             34 |
|  clk_IBUF_BUFG | u_lenet5/conv1_result[5][3][0][1]_i_1_n_0     | rst_n_IBUF_BUFG                |               32 |             34 |
|  clk_IBUF_BUFG | u_lenet5/conv1_result[5][12][8][1]_i_1_n_0    | rst_n_IBUF_BUFG                |               34 |             34 |
|  clk_IBUF_BUFG | u_lenet5/conv1_result[5][13][12][1]_i_1_n_0   | rst_n_IBUF_BUFG                |               31 |             34 |
|  clk_IBUF_BUFG | u_lenet5/conv1_result[5][2][0][1]_i_1_n_0     | rst_n_IBUF_BUFG                |               32 |             34 |
|  clk_IBUF_BUFG | u_lenet5/conv1_result[5][2][10][1]_i_1_n_0    | rst_n_IBUF_BUFG                |               34 |             34 |
|  clk_IBUF_BUFG | u_lenet5/conv1_result[5][2][6][1]_i_1_n_0     | rst_n_IBUF_BUFG                |               30 |             34 |
|  clk_IBUF_BUFG | u_lenet5/conv1_result[5][7][0][1]_i_1_n_0     | rst_n_IBUF_BUFG                |               33 |             34 |
|  clk_IBUF_BUFG | u_lenet5/conv1_result[5][7][2][1]_i_1_n_0     | rst_n_IBUF_BUFG                |               34 |             34 |
|  clk_IBUF_BUFG | u_lenet5/conv1_result[5][7][4][1]_i_1_n_0     | rst_n_IBUF_BUFG                |               29 |             34 |
|  clk_IBUF_BUFG | u_lenet5/conv1_result[5][3][4][1]_i_1_n_0     | rst_n_IBUF_BUFG                |               33 |             34 |
|  clk_IBUF_BUFG | u_lenet5/conv1_result[5][4][0][1]_i_1_n_0     | rst_n_IBUF_BUFG                |               31 |             34 |
|  clk_IBUF_BUFG | u_lenet5/conv1_result[5][4][6][1]_i_1_n_0     | rst_n_IBUF_BUFG                |               33 |             34 |
|  clk_IBUF_BUFG | u_lenet5/conv1_result[5][5][0][1]_i_1_n_0     | rst_n_IBUF_BUFG                |               33 |             34 |
|  clk_IBUF_BUFG | u_lenet5/conv1_result[5][4][4][1]_i_1_n_0     | rst_n_IBUF_BUFG                |               31 |             34 |
|  clk_IBUF_BUFG | u_lenet5/conv1_result[5][3][2][1]_i_1_n_0     | rst_n_IBUF_BUFG                |               34 |             34 |
|  clk_IBUF_BUFG | u_lenet5/conv1_result[5][5][8][1]_i_1_n_0     | rst_n_IBUF_BUFG                |               33 |             34 |
|  clk_IBUF_BUFG | u_lenet5/conv1_result[5][6][0][1]_i_1_n_0     | rst_n_IBUF_BUFG                |               32 |             34 |
|  clk_IBUF_BUFG | u_lenet5/conv1_result[5][5][4][1]_i_1_n_0     | rst_n_IBUF_BUFG                |               33 |             34 |
|  clk_IBUF_BUFG | u_lenet5/conv1_result[5][3][8][1]_i_1_n_0     | rst_n_IBUF_BUFG                |               32 |             34 |
|  clk_IBUF_BUFG | u_lenet5/conv1_result[5][5][2][1]_i_1_n_0     | rst_n_IBUF_BUFG                |               34 |             34 |
|  clk_IBUF_BUFG | u_lenet5/conv1_result[5][6][4][1]_i_1_n_0     | rst_n_IBUF_BUFG                |               31 |             34 |
|  clk_IBUF_BUFG | u_lenet5/conv1_result[5][6][6][1]_i_1_n_0     | rst_n_IBUF_BUFG                |               34 |             34 |
|  clk_IBUF_BUFG | u_lenet5/conv1_result[5][6][2][1]_i_1_n_0     | rst_n_IBUF_BUFG                |               31 |             34 |
|  clk_IBUF_BUFG | u_lenet5/conv1_result[5][7][10][1]_i_1_n_0    | rst_n_IBUF_BUFG                |               34 |             34 |
|  clk_IBUF_BUFG | u_lenet5/conv1_result[5][3][6][1]_i_1_n_0     | rst_n_IBUF_BUFG                |               32 |             34 |
|  clk_IBUF_BUFG | u_lenet5/conv1_result[5][5][6][1]_i_1_n_0     | rst_n_IBUF_BUFG                |               32 |             34 |
|  clk_IBUF_BUFG | u_lenet5/conv1_result[5][6][12][1]_i_1_n_0    | rst_n_IBUF_BUFG                |               34 |             34 |
|  clk_IBUF_BUFG | u_lenet5/conv1_result[5][7][12][1]_i_1_n_0    | rst_n_IBUF_BUFG                |               32 |             34 |
|  clk_IBUF_BUFG | u_lenet5/conv1_result[5][4][12][1]_i_1_n_0    | rst_n_IBUF_BUFG                |               33 |             34 |
|  clk_IBUF_BUFG | u_lenet5/conv1_result[5][4][2][1]_i_1_n_0     | rst_n_IBUF_BUFG                |               34 |             34 |
|  clk_IBUF_BUFG | u_lenet5/conv1_result[5][3][12][1]_i_1_n_0    | rst_n_IBUF_BUFG                |               34 |             34 |
|  clk_IBUF_BUFG | u_lenet5/conv1_result[5][4][10][1]_i_1_n_0    | rst_n_IBUF_BUFG                |               33 |             34 |
|  clk_IBUF_BUFG | u_lenet5/conv1_result[5][3][10][1]_i_1_n_0    | rst_n_IBUF_BUFG                |               34 |             34 |
|  clk_IBUF_BUFG | u_lenet5/conv1_result[5][5][10][1]_i_1_n_0    | rst_n_IBUF_BUFG                |               33 |             34 |
|  clk_IBUF_BUFG | u_lenet5/conv1_result[5][5][12][1]_i_1_n_0    | rst_n_IBUF_BUFG                |               34 |             34 |
|  clk_IBUF_BUFG | u_lenet5/conv1_result[5][6][10][1]_i_1_n_0    | rst_n_IBUF_BUFG                |               33 |             34 |
|  clk_IBUF_BUFG | u_lenet5/conv1_result[5][6][8][1]_i_1_n_0     | rst_n_IBUF_BUFG                |               33 |             34 |
|  clk_IBUF_BUFG | u_lenet5/conv1_result[5][4][8][1]_i_1_n_0     | rst_n_IBUF_BUFG                |               33 |             34 |
|  clk_IBUF_BUFG | u_lenet5/conv1_result[5][9][0][1]_i_1_n_0     | rst_n_IBUF_BUFG                |               32 |             34 |
|  clk_IBUF_BUFG | u_lenet5/conv1_result[5][9][10][1]_i_1_n_0    | rst_n_IBUF_BUFG                |               34 |             34 |
|  clk_IBUF_BUFG | u_lenet5/conv1_result[5][9][6][1]_i_1_n_0     | rst_n_IBUF_BUFG                |               33 |             34 |
|  clk_IBUF_BUFG | u_lenet5/conv1_result[5][9][8][1]_i_1_n_0     | rst_n_IBUF_BUFG                |               33 |             34 |
|  clk_IBUF_BUFG | u_lenet5/conv2_result[102][1]_i_1_n_0         |                                |               15 |             34 |
|  clk_IBUF_BUFG | u_lenet5/conv2_result[104][1]_i_1_n_0         |                                |               15 |             34 |
|  clk_IBUF_BUFG | u_lenet5/conv1_result[5][8][2][1]_i_1_n_0     | rst_n_IBUF_BUFG                |               33 |             34 |
|  clk_IBUF_BUFG | u_lenet5/conv2_result[108][1]_i_1_n_0         |                                |               18 |             34 |
|  clk_IBUF_BUFG | u_lenet5/conv2_result[112][1]_i_1_n_0         |                                |               14 |             34 |
|  clk_IBUF_BUFG | u_lenet5/conv2_result[120][1]_i_1_n_0         |                                |               15 |             34 |
|  clk_IBUF_BUFG | u_lenet5/conv2_result                         |                                |               18 |             34 |
|  clk_IBUF_BUFG | u_lenet5/conv1_result[5][7][8][1]_i_1_n_0     | rst_n_IBUF_BUFG                |               33 |             34 |
|  clk_IBUF_BUFG | u_lenet5/conv1_result[5][8][8][1]_i_1_n_0     | rst_n_IBUF_BUFG                |               34 |             34 |
|  clk_IBUF_BUFG | u_lenet5/conv1_result[5][9][4][1]_i_1_n_0     | rst_n_IBUF_BUFG                |               33 |             34 |
|  clk_IBUF_BUFG | u_lenet5/conv1_result[5][8][0][1]_i_1_n_0     | rst_n_IBUF_BUFG                |               32 |             34 |
|  clk_IBUF_BUFG | u_lenet5/conv1_result[5][9][2][1]_i_1_n_0     | rst_n_IBUF_BUFG                |               34 |             34 |
|  clk_IBUF_BUFG | u_lenet5/conv2_result[100][1]_i_1_n_0         |                                |               14 |             34 |
|  clk_IBUF_BUFG | u_lenet5/conv1_result[5][8][12][1]_i_1_n_0    | rst_n_IBUF_BUFG                |               32 |             34 |
|  clk_IBUF_BUFG | u_lenet5/conv2_result[10][1]_i_1_n_0          |                                |               16 |             34 |
|  clk_IBUF_BUFG | u_lenet5/conv2_result[122][1]_i_1_n_0         |                                |               16 |             34 |
|  clk_IBUF_BUFG | u_lenet5/conv2_result[125][1]_i_1_n_0         |                                |               14 |             34 |
|  clk_IBUF_BUFG | u_lenet5/conv1_result[5][11][2][1]_i_1_n_0    | rst_n_IBUF_BUFG                |               32 |             34 |
|  clk_IBUF_BUFG | u_lenet5/conv1_result[5][9][12][1]_i_1_n_0    | rst_n_IBUF_BUFG                |               34 |             34 |
|  clk_IBUF_BUFG | u_lenet5/conv2_result[110][1]_i_1_n_0         |                                |               13 |             34 |
|  clk_IBUF_BUFG | u_lenet5/conv1_result[5][8][6][1]_i_1_n_0     | rst_n_IBUF_BUFG                |               34 |             34 |
|  clk_IBUF_BUFG | u_lenet5/conv2_result[106][1]_i_1_n_0         |                                |               21 |             34 |
|  clk_IBUF_BUFG | u_lenet5/conv2_result[129][1]_i_1_n_0         |                                |               16 |             34 |
|  clk_IBUF_BUFG | u_lenet5/conv1_result[5][7][6][1]_i_1_n_0     | rst_n_IBUF_BUFG                |               33 |             34 |
|  clk_IBUF_BUFG | u_lenet5/conv1_result[5][8][4][1]_i_1_n_0     | rst_n_IBUF_BUFG                |               33 |             34 |
|  clk_IBUF_BUFG | u_lenet5/conv2_result[116][1]_i_1_n_0         |                                |               18 |             34 |
|  clk_IBUF_BUFG | u_lenet5/conv2_result[12][1]_i_1_n_0          |                                |               16 |             34 |
|  clk_IBUF_BUFG | u_lenet5/conv2_result[131][1]_i_1_n_0         |                                |               16 |             34 |
|  clk_IBUF_BUFG | u_lenet5/conv1_result[5][8][10][1]_i_1_n_0    | rst_n_IBUF_BUFG                |               33 |             34 |
|  clk_IBUF_BUFG | u_lenet5/conv2_result[114][1]_i_1_n_0         |                                |               15 |             34 |
|  clk_IBUF_BUFG | u_lenet5/conv2_result[118][1]_i_1_n_0         |                                |               21 |             34 |
|  clk_IBUF_BUFG | u_lenet5/conv2_result[54][1]_i_1_n_0          |                                |               16 |             34 |
|  clk_IBUF_BUFG | u_lenet5/conv2_result[58][1]_i_1_n_0          |                                |               15 |             34 |
|  clk_IBUF_BUFG | u_lenet5/conv2_result[60][1]_i_1_n_0          |                                |               12 |             34 |
|  clk_IBUF_BUFG | u_lenet5/conv2_result[139][1]_i_1_n_0         |                                |               18 |             34 |
|  clk_IBUF_BUFG | u_lenet5/conv2_result[147][1]_i_1_n_0         |                                |               10 |             34 |
|  clk_IBUF_BUFG | u_lenet5/conv2_result[29][1]_i_1_n_0          |                                |               18 |             34 |
|  clk_IBUF_BUFG | u_lenet5/conv2_result[56][1]_i_1_n_0          |                                |               11 |             34 |
|  clk_IBUF_BUFG | u_lenet5/conv2_result[62][1]_i_1_n_0          |                                |               15 |             34 |
|  clk_IBUF_BUFG | u_lenet5/conv2_result[141][1]_i_1_n_0         |                                |               10 |             34 |
|  clk_IBUF_BUFG | u_lenet5/conv2_result[64][1]_i_1_n_0          |                                |               15 |             34 |
|  clk_IBUF_BUFG | u_lenet5/conv2_result[143][1]_i_1_n_0         |                                |               20 |             34 |
|  clk_IBUF_BUFG | u_lenet5/conv2_result[66][1]_i_1_n_0          |                                |               16 |             34 |
|  clk_IBUF_BUFG | u_lenet5/conv2_result[43][1]_i_1_n_0          |                                |               17 |             34 |
|  clk_IBUF_BUFG | u_lenet5/conv2_result[145][1]_i_1_n_0         |                                |               10 |             34 |
|  clk_IBUF_BUFG | u_lenet5/conv2_result[135][1]_i_1_n_0         |                                |               17 |             34 |
|  clk_IBUF_BUFG | u_lenet5/conv2_result[137][1]_i_1_n_0         |                                |               15 |             34 |
|  clk_IBUF_BUFG | u_lenet5/conv2_result[20][1]_i_1_n_0          |                                |               17 |             34 |
|  clk_IBUF_BUFG | u_lenet5/conv2_result[31][1]_i_1_n_0          |                                |               26 |             34 |
|  clk_IBUF_BUFG | u_lenet5/conv2_result[33][1]_i_1_n_0          |                                |               14 |             34 |
|  clk_IBUF_BUFG | u_lenet5/conv2_result[47][1]_i_1_n_0          |                                |               27 |             34 |
|  clk_IBUF_BUFG | u_lenet5/conv2_result[37][1]_i_1_n_0          |                                |               16 |             34 |
|  clk_IBUF_BUFG | u_lenet5/conv2_result[133][1]_i_1_n_0         |                                |               15 |             34 |
|  clk_IBUF_BUFG | u_lenet5/conv2_result[41][1]_i_1_n_0          |                                |               12 |             34 |
|  clk_IBUF_BUFG | u_lenet5/conv2_result[22][1]_i_1_n_0          |                                |               16 |             34 |
|  clk_IBUF_BUFG | u_lenet5/conv2_result[45][1]_i_1_n_0          |                                |               15 |             34 |
|  clk_IBUF_BUFG | u_lenet5/conv2_result[39][1]_i_1_n_0          |                                |               18 |             34 |
|  clk_IBUF_BUFG | u_lenet5/conv2_result[27][1]_i_1_n_0          |                                |               20 |             34 |
|  clk_IBUF_BUFG | u_lenet5/conv2_result[4][1]_i_1_n_0           |                                |               18 |             34 |
|  clk_IBUF_BUFG | u_lenet5/conv2_result[16][1]_i_1_n_0          |                                |               15 |             34 |
|  clk_IBUF_BUFG | u_lenet5/conv2_result[18][1]_i_1_n_0          |                                |               17 |             34 |
|  clk_IBUF_BUFG | u_lenet5/conv2_result[2][1]_i_1_n_0           |                                |               19 |             34 |
|  clk_IBUF_BUFG | u_lenet5/conv2_result[35][1]_i_1_n_0          |                                |               11 |             34 |
|  clk_IBUF_BUFG | u_lenet5/conv2_result[25][1]_i_1_n_0          |                                |               17 |             34 |
|  clk_IBUF_BUFG | u_lenet5/conv2_result[50][1]_i_1_n_0          |                                |               12 |             34 |
|  clk_IBUF_BUFG | u_lenet5/conv2_result[52][1]_i_1_n_0          |                                |               18 |             34 |
|  clk_IBUF_BUFG | u_lenet5/conv2_result[14][1]_i_1_n_0          |                                |               15 |             34 |
|  clk_IBUF_BUFG | u_lenet5/conv2_result[83][1]_i_1_n_0          |                                |               13 |             34 |
|  clk_IBUF_BUFG | u_lenet5/conv2_result[6][1]_i_1_n_0           |                                |               17 |             34 |
|  clk_IBUF_BUFG | u_lenet5/conv2_result[95][1]_i_1_n_0          |                                |               19 |             34 |
|  clk_IBUF_BUFG | u_lenet5/conv2_result[81][1]_i_1_n_0          |                                |               19 |             34 |
|  clk_IBUF_BUFG | u_lenet5/conv2_result[87][1]_i_1_n_0          |                                |               17 |             34 |
|  clk_IBUF_BUFG | u_lenet5/conv2_result[72][1]_i_1_n_0          |                                |               11 |             34 |
|  clk_IBUF_BUFG | u_lenet5/conv2_result[77][1]_i_1_n_0          |                                |               15 |             34 |
|  clk_IBUF_BUFG | u_lenet5/conv2_result[93][1]_i_1_n_0          |                                |               14 |             34 |
|  clk_IBUF_BUFG | u_lenet5/conv2_result[91][1]_i_1_n_0          |                                |               11 |             34 |
|  clk_IBUF_BUFG | u_lenet5/conv2_result[8][1]_i_1_n_0           |                                |               15 |             34 |
|  clk_IBUF_BUFG | u_lenet5/conv2_result[68][1]_i_1_n_0          |                                |               14 |             34 |
|  clk_IBUF_BUFG | u_lenet5/conv2_result[89][1]_i_1_n_0          |                                |               13 |             34 |
|  clk_IBUF_BUFG | u_lenet5/conv2_result[70][1]_i_1_n_0          |                                |               14 |             34 |
|  clk_IBUF_BUFG | u_lenet5/conv2_result[85][1]_i_1_n_0          |                                |               20 |             34 |
|  clk_IBUF_BUFG | u_lenet5/conv2_result[97][1]_i_1_n_0          |                                |               16 |             34 |
|  clk_IBUF_BUFG | u_lenet5/conv2_result[79][1]_i_1_n_0          |                                |               21 |             34 |
|  clk_IBUF_BUFG | u_lenet5/p_0_out                              |                                |               14 |             34 |
|  clk_IBUF_BUFG | u_lenet5/added_1_reg[110][0]_i_1_n_0          | rst_n_IBUF_BUFG                |               25 |             36 |
|  clk_IBUF_BUFG | u_lenet5/added_2[110][0]_i_1_n_0              | rst_n_IBUF_BUFG                |               13 |             36 |
|  clk_IBUF_BUFG |                                               | rst_n_IBUF_BUFG                |               26 |             44 |
|  clk_IBUF_BUFG | u_lenet5/compared_2                           | rst_n_IBUF_BUFG                |               67 |             72 |
|  clk_IBUF_BUFG | u_lenet5/compared_1                           | rst_n_IBUF_BUFG                |               57 |             72 |
|  clk_IBUF_BUFG | u_lenet5/cnt2[0]_i_1__0_n_0                   | rst_n_IBUF_BUFG                |               44 |             74 |
|  clk_IBUF_BUFG | u_lenet5/cnt1[0]_i_1_n_0                      | rst_n_IBUF_BUFG                |               41 |             89 |
|  clk_IBUF_BUFG | u_lenet5/producted_2__0                       | rst_n_IBUF_BUFG                |               75 |            120 |
|  clk_IBUF_BUFG | u_lenet5/linear2_result                       | rst_n_IBUF_BUFG                |               74 |            180 |
|  clk_IBUF_BUFG | u_lenet5/added_2_reg[109][0]_i_1_n_0          | rst_n_IBUF_BUFG                |               83 |            180 |
|  clk_IBUF_BUFG | u_lenet5/u_compare_10/i_read_reg0             | rst_n_IBUF_BUFG                |               64 |            180 |
|  clk_IBUF_BUFG | u_lenet5/added_1                              | rst_n_IBUF_BUFG                |              158 |            180 |
|  clk_IBUF_BUFG | u_lenet5/u_compare_10/cnt2_reg[5]_rep__25     | rst_n_IBUF_BUFG                |              130 |            191 |
|  clk_IBUF_BUFG | u_lenet5/cache[100][1]_i_1_n_0                |                                |               73 |            204 |
|  clk_IBUF_BUFG | u_lenet5/producted_1                          | rst_n_IBUF_BUFG                |              195 |            216 |
|  clk_IBUF_BUFG | u_lenet5/producted_2[0][0]_i_1_n_0            | rst_n_IBUF_BUFG                |              129 |            222 |
|  clk_IBUF_BUFG | u_lenet5/cache[0][0]_i_1_n_0                  |                                |              607 |           1800 |
|  clk_IBUF_BUFG | u_lenet5/producted_1[0][0]_i_1_n_0            | rst_n_IBUF_BUFG                |             1335 |           1800 |
|  clk_IBUF_BUFG | u_lenet5/added_2[0][0]_i_1_n_0                | rst_n_IBUF_BUFG                |              374 |           1800 |
|  clk_IBUF_BUFG | u_lenet5/added_1[0][0]_i_1_n_0                | rst_n_IBUF_BUFG                |              373 |           1800 |
|  clk_IBUF_BUFG |                                               |                                |             4810 |          14104 |
|  clk_IBUF_BUFG | u_lenet5/state2                               | rst_n_IBUF_BUFG                |             5572 |          14112 |
+----------------+-----------------------------------------------+--------------------------------+------------------+----------------+


